{"total": {"lines":{"total":8101,"covered":993,"skipped":0,"pct":12.25},"statements":{"total":8617,"covered":1029,"skipped":0,"pct":11.94},"functions":{"total":1920,"covered":209,"skipped":0,"pct":10.88},"branches":{"total":3440,"covered":416,"skipped":0,"pct":12.09},"branchesTrue":{"total":0,"covered":0,"skipped":0,"pct":100}}
,"/root/repo/src/api/NerfAPI.ts": {"lines":{"total":5,"covered":0,"skipped":0,"pct":0},"functions":{"total":3,"covered":0,"skipped":0,"pct":0},"statements":{"total":5,"covered":0,"skipped":0,"pct":0},"branches":{"total":0,"covered":0,"skipped":0,"pct":100}}
,"/root/repo/src/caching/AdvancedCache.ts": {"lines":{"total":256,"covered":0,"skipped":0,"pct":0},"functions":{"total":54,"covered":0,"skipped":0,"pct":0},"statements":{"total":265,"covered":0,"skipped":0,"pct":0},"branches":{"total":108,"covered":0,"skipped":0,"pct":0}}
,"/root/repo/src/concurrency/ConcurrentProcessor.ts": {"lines":{"total":188,"covered":0,"skipped":0,"pct":0},"functions":{"total":61,"covered":0,"skipped":0,"pct":0},"statements":{"total":215,"covered":0,"skipped":0,"pct":0},"branches":{"total":86,"covered":0,"skipped":0,"pct":0}}
,"/root/repo/src/core/AdvancedErrorHandler.ts": {"lines":{"total":140,"covered":0,"skipped":0,"pct":0},"functions":{"total":37,"covered":0,"skipped":0,"pct":0},"statements":{"total":143,"covered":0,"skipped":0,"pct":0},"branches":{"total":95,"covered":0,"skipped":0,"pct":0}}
,"/root/repo/src/core/EnhancedNerfRenderer.ts": {"lines":{"total":90,"covered":0,"skipped":0,"pct":0},"functions":{"total":17,"covered":0,"skipped":0,"pct":0},"statements":{"total":95,"covered":0,"skipped":0,"pct":0},"branches":{"total":35,"covered":0,"skipped":0,"pct":0}}
,"/root/repo/src/core/ErrorHandler.ts": {"lines":{"total":200,"covered":0,"skipped":0,"pct":0},"functions":{"total":41,"covered":0,"skipped":0,"pct":0},"statements":{"total":203,"covered":0,"skipped":0,"pct":0},"branches":{"total":81,"covered":0,"skipped":0,"pct":0}}
,"/root/repo/src/core/FoveatedRenderer.ts": {"lines":{"total":78,"covered":0,"skipped":0,"pct":0},"functions":{"total":15,"covered":0,"skipped":0,"pct":0},"statements":{"total":84,"covered":0,"skipped":0,"pct":0},"branches":{"total":31,"covered":0,"skipped":0,"pct":0}}
,"/root/repo/src/core/NerfModel.ts": {"lines":{"total":128,"covered":60,"skipped":0,"pct":46.87},"functions":{"total":18,"covered":5,"skipped":0,"pct":27.77},"statements":{"total":135,"covered":61,"skipped":0,"pct":45.18},"branches":{"total":16,"covered":2,"skipped":0,"pct":12.5}}
,"/root/repo/src/core/NerfScene.ts": {"lines":{"total":102,"covered":15,"skipped":0,"pct":14.7},"functions":{"total":22,"covered":6,"skipped":0,"pct":27.27},"statements":{"total":113,"covered":16,"skipped":0,"pct":14.15},"branches":{"total":33,"covered":1,"skipped":0,"pct":3.03}}
,"/root/repo/src/core/RobustErrorHandler.ts": {"lines":{"total":111,"covered":102,"skipped":0,"pct":91.89},"functions":{"total":25,"covered":24,"skipped":0,"pct":96},"statements":{"total":116,"covered":105,"skipped":0,"pct":90.51},"branches":{"total":44,"covered":35,"skipped":0,"pct":79.54}}
,"/root/repo/src/core/RobustNerfManager.ts": {"lines":{"total":229,"covered":0,"skipped":0,"pct":0},"functions":{"total":49,"covered":0,"skipped":0,"pct":0},"statements":{"total":234,"covered":0,"skipped":0,"pct":0},"branches":{"total":113,"covered":0,"skipped":0,"pct":0}}
,"/root/repo/src/core/RobustValidator.ts": {"lines":{"total":113,"covered":90,"skipped":0,"pct":79.64},"functions":{"total":25,"covered":22,"skipped":0,"pct":88},"statements":{"total":113,"covered":90,"skipped":0,"pct":79.64},"branches":{"total":125,"covered":103,"skipped":0,"pct":82.4}}
,"/root/repo/src/core/ValidationSystem.ts": {"lines":{"total":189,"covered":0,"skipped":0,"pct":0},"functions":{"total":36,"covered":0,"skipped":0,"pct":0},"statements":{"total":194,"covered":0,"skipped":0,"pct":0},"branches":{"total":106,"covered":0,"skipped":0,"pct":0}}
,"/root/repo/src/database/CacheManager.ts": {"lines":{"total":200,"covered":0,"skipped":0,"pct":0},"functions":{"total":36,"covered":0,"skipped":0,"pct":0},"statements":{"total":203,"covered":0,"skipped":0,"pct":0},"branches":{"total":90,"covered":0,"skipped":0,"pct":0}}
,"/root/repo/src/database/NeRFStorage.ts": {"lines":{"total":178,"covered":0,"skipped":0,"pct":0},"functions":{"total":39,"covered":0,"skipped":0,"pct":0},"statements":{"total":184,"covered":0,"skipped":0,"pct":0},"branches":{"total":85,"covered":0,"skipped":0,"pct":0}}
,"/root/repo/src/global/GlobalizationEngine.ts": {"lines":{"total":166,"covered":0,"skipped":0,"pct":0},"functions":{"total":50,"covered":0,"skipped":0,"pct":0},"statements":{"total":170,"covered":0,"skipped":0,"pct":0},"branches":{"total":79,"covered":0,"skipped":0,"pct":0}}
,"/root/repo/src/integrations/GitHubIntegration.ts": {"lines":{"total":5,"covered":0,"skipped":0,"pct":0},"functions":{"total":3,"covered":0,"skipped":0,"pct":0},"statements":{"total":5,"covered":0,"skipped":0,"pct":0},"branches":{"total":0,"covered":0,"skipped":0,"pct":100}}
,"/root/repo/src/integrations/NotificationService.ts": {"lines":{"total":4,"covered":0,"skipped":0,"pct":0},"functions":{"total":3,"covered":0,"skipped":0,"pct":0},"statements":{"total":4,"covered":0,"skipped":0,"pct":0},"branches":{"total":1,"covered":0,"skipped":0,"pct":0}}
,"/root/repo/src/monitoring/AdvancedMonitor.ts": {"lines":{"total":163,"covered":0,"skipped":0,"pct":0},"functions":{"total":39,"covered":0,"skipped":0,"pct":0},"statements":{"total":175,"covered":0,"skipped":0,"pct":0},"branches":{"total":84,"covered":0,"skipped":0,"pct":0}}
,"/root/repo/src/monitoring/ComprehensiveMonitor.ts": {"lines":{"total":177,"covered":0,"skipped":0,"pct":0},"functions":{"total":65,"covered":0,"skipped":0,"pct":0},"statements":{"total":186,"covered":0,"skipped":0,"pct":0},"branches":{"total":114,"covered":0,"skipped":0,"pct":0}}
,"/root/repo/src/monitoring/HealthMonitor.ts": {"lines":{"total":192,"covered":0,"skipped":0,"pct":0},"functions":{"total":43,"covered":0,"skipped":0,"pct":0},"statements":{"total":216,"covered":0,"skipped":0,"pct":0},"branches":{"total":77,"covered":0,"skipped":0,"pct":0}}
,"/root/repo/src/monitoring/SystemMonitor.ts": {"lines":{"total":187,"covered":0,"skipped":0,"pct":0},"functions":{"total":50,"covered":0,"skipped":0,"pct":0},"statements":{"total":215,"covered":0,"skipped":0,"pct":0},"branches":{"total":104,"covered":0,"skipped":0,"pct":0}}
,"/root/repo/src/neural/NeuralAccelerator.ts": {"lines":{"total":134,"covered":0,"skipped":0,"pct":0},"functions":{"total":18,"covered":0,"skipped":0,"pct":0},"statements":{"total":146,"covered":0,"skipped":0,"pct":0},"branches":{"total":28,"covered":0,"skipped":0,"pct":0}}
,"/root/repo/src/optimization/AdvancedCacheManager.ts": {"lines":{"total":224,"covered":0,"skipped":0,"pct":0},"functions":{"total":39,"covered":0,"skipped":0,"pct":0},"statements":{"total":230,"covered":0,"skipped":0,"pct":0},"branches":{"total":101,"covered":0,"skipped":0,"pct":0}}
,"/root/repo/src/optimization/IntelligentOptimizer.ts": {"lines":{"total":155,"covered":0,"skipped":0,"pct":0},"functions":{"total":48,"covered":0,"skipped":0,"pct":0},"statements":{"total":162,"covered":0,"skipped":0,"pct":0},"branches":{"total":55,"covered":0,"skipped":0,"pct":0}}
,"/root/repo/src/optimization/PerformanceOptimizer.ts": {"lines":{"total":209,"covered":0,"skipped":0,"pct":0},"functions":{"total":80,"covered":0,"skipped":0,"pct":0},"statements":{"total":219,"covered":0,"skipped":0,"pct":0},"branches":{"total":77,"covered":0,"skipped":0,"pct":0}}
,"/root/repo/src/optimization/RealTimeOptimizer.ts": {"lines":{"total":86,"covered":0,"skipped":0,"pct":0},"functions":{"total":22,"covered":0,"skipped":0,"pct":0},"statements":{"total":93,"covered":0,"skipped":0,"pct":0},"branches":{"total":50,"covered":0,"skipped":0,"pct":0}}
,"/root/repo/src/performance/HyperOptimizer.ts": {"lines":{"total":220,"covered":0,"skipped":0,"pct":0},"functions":{"total":55,"covered":0,"skipped":0,"pct":0},"statements":{"total":235,"covered":0,"skipped":0,"pct":0},"branches":{"total":88,"covered":0,"skipped":0,"pct":0}}
,"/root/repo/src/quality/QualityGateSystem.ts": {"lines":{"total":177,"covered":0,"skipped":0,"pct":0},"functions":{"total":50,"covered":0,"skipped":0,"pct":0},"statements":{"total":185,"covered":0,"skipped":0,"pct":0},"branches":{"total":78,"covered":0,"skipped":0,"pct":0}}
,"/root/repo/src/quantum/QuantumCache.ts": {"lines":{"total":232,"covered":4,"skipped":0,"pct":1.72},"functions":{"total":47,"covered":0,"skipped":0,"pct":0},"statements":{"total":251,"covered":4,"skipped":0,"pct":1.59},"branches":{"total":105,"covered":0,"skipped":0,"pct":0}}
,"/root/repo/src/quantum/QuantumErrorHandler.ts": {"lines":{"total":177,"covered":15,"skipped":0,"pct":8.47},"functions":{"total":37,"covered":1,"skipped":0,"pct":2.7},"statements":{"total":183,"covered":15,"skipped":0,"pct":8.19},"branches":{"total":80,"covered":2,"skipped":0,"pct":2.5}}
,"/root/repo/src/quantum/QuantumMonitor.ts": {"lines":{"total":15,"covered":1,"skipped":0,"pct":6.66},"functions":{"total":7,"covered":0,"skipped":0,"pct":0},"statements":{"total":15,"covered":1,"skipped":0,"pct":6.66},"branches":{"total":4,"covered":0,"skipped":0,"pct":0}}
,"/root/repo/src/quantum/QuantumNerfScheduler.ts": {"lines":{"total":185,"covered":4,"skipped":0,"pct":2.16},"functions":{"total":59,"covered":0,"skipped":0,"pct":0},"statements":{"total":202,"covered":4,"skipped":0,"pct":1.98},"branches":{"total":77,"covered":0,"skipped":0,"pct":0}}
,"/root/repo/src/quantum/QuantumScaler.ts": {"lines":{"total":254,"covered":3,"skipped":0,"pct":1.18},"functions":{"total":75,"covered":0,"skipped":0,"pct":0},"statements":{"total":281,"covered":3,"skipped":0,"pct":1.06},"branches":{"total":86,"covered":0,"skipped":0,"pct":0}}
,"/root/repo/src/quantum/QuantumTaskPlanner.ts": {"lines":{"total":256,"covered":222,"skipped":0,"pct":86.71},"functions":{"total":60,"covered":55,"skipped":0,"pct":91.66},"statements":{"total":271,"covered":236,"skipped":0,"pct":87.08},"branches":{"total":95,"covered":62,"skipped":0,"pct":65.26}}
,"/root/repo/src/quantum/QuantumValidator.ts": {"lines":{"total":230,"covered":216,"skipped":0,"pct":93.91},"functions":{"total":42,"covered":39,"skipped":0,"pct":92.85},"statements":{"total":241,"covered":223,"skipped":0,"pct":92.53},"branches":{"total":138,"covered":122,"skipped":0,"pct":88.4}}
,"/root/repo/src/quantum/index.ts": {"lines":{"total":77,"covered":48,"skipped":0,"pct":62.33},"functions":{"total":25,"covered":10,"skipped":0,"pct":40},"statements":{"total":89,"covered":58,"skipped":0,"pct":65.16},"branches":{"total":24,"covered":12,"skipped":0,"pct":50}}
,"/root/repo/src/quantum/compliance/QuantumCompliance.ts": {"lines":{"total":208,"covered":2,"skipped":0,"pct":0.96},"functions":{"total":72,"covered":0,"skipped":0,"pct":0},"statements":{"total":223,"covered":2,"skipped":0,"pct":0.89},"branches":{"total":119,"covered":0,"skipped":0,"pct":0}}
,"/root/repo/src/quantum/i18n/QuantumI18n.ts": {"lines":{"total":176,"covered":2,"skipped":0,"pct":1.13},"functions":{"total":30,"covered":0,"skipped":0,"pct":0},"statements":{"total":180,"covered":2,"skipped":0,"pct":1.11},"branches":{"total":135,"covered":0,"skipped":0,"pct":0}}
,"/root/repo/src/repositories/ModelRepository.ts": {"lines":{"total":10,"covered":0,"skipped":0,"pct":0},"functions":{"total":9,"covered":0,"skipped":0,"pct":0},"statements":{"total":10,"covered":0,"skipped":0,"pct":0},"branches":{"total":0,"covered":0,"skipped":0,"pct":100}}
,"/root/repo/src/research/AdaptiveFoveatedRenderer.ts": {"lines":{"total":218,"covered":0,"skipped":0,"pct":0},"functions":{"total":37,"covered":0,"skipped":0,"pct":0},"statements":{"total":226,"covered":0,"skipped":0,"pct":0},"branches":{"total":50,"covered":0,"skipped":0,"pct":0}}
,"/root/repo/src/research/AdvancedNerfOptimizer.ts": {"lines":{"total":136,"covered":0,"skipped":0,"pct":0},"functions":{"total":22,"covered":0,"skipped":0,"pct":0},"statements":{"total":152,"covered":0,"skipped":0,"pct":0},"branches":{"total":57,"covered":0,"skipped":0,"pct":0}}
,"/root/repo/src/research/QuantumNerfInnovations.ts": {"lines":{"total":197,"covered":0,"skipped":0,"pct":0},"functions":{"total":33,"covered":0,"skipped":0,"pct":0},"statements":{"total":220,"covered":0,"skipped":0,"pct":0},"branches":{"total":30,"covered":0,"skipped":0,"pct":0}}
,"/root/repo/src/research/QuantumNeuralAccelerator.ts": {"lines":{"total":161,"covered":0,"skipped":0,"pct":0},"functions":{"total":30,"covered":0,"skipped":0,"pct":0},"statements":{"total":186,"covered":0,"skipped":0,"pct":0},"branches":{"total":20,"covered":0,"skipped":0,"pct":0}}
,"/root/repo/src/research/ResearchIntegrationHub.ts": {"lines":{"total":201,"covered":0,"skipped":0,"pct":0},"functions":{"total":35,"covered":0,"skipped":0,"pct":0},"statements":{"total":207,"covered":0,"skipped":0,"pct":0},"branches":{"total":50,"covered":0,"skipped":0,"pct":0}}
,"/root/repo/src/research/index.ts": {"lines":{"total":15,"covered":0,"skipped":0,"pct":0},"functions":{"total":6,"covered":0,"skipped":0,"pct":0},"statements":{"total":15,"covered":0,"skipped":0,"pct":0},"branches":{"total":0,"covered":0,"skipped":0,"pct":100}}
,"/root/repo/src/scaling/AdvancedLoadBalancer.ts": {"lines":{"total":219,"covered":177,"skipped":0,"pct":80.82},"functions":{"total":53,"covered":41,"skipped":0,"pct":77.35},"statements":{"total":226,"covered":177,"skipped":0,"pct":78.31},"branches":{"total":104,"covered":67,"skipped":0,"pct":64.42}}
,"/root/repo/src/scaling/AutoScaler.ts": {"lines":{"total":253,"covered":0,"skipped":0,"pct":0},"functions":{"total":54,"covered":0,"skipped":0,"pct":0},"statements":{"total":258,"covered":0,"skipped":0,"pct":0},"branches":{"total":95,"covered":0,"skipped":0,"pct":0}}
,"/root/repo/src/scaling/IntelligentAutoScaler.ts": {"lines":{"total":174,"covered":0,"skipped":0,"pct":0},"functions":{"total":49,"covered":0,"skipped":0,"pct":0},"statements":{"total":194,"covered":0,"skipped":0,"pct":0},"branches":{"total":49,"covered":0,"skipped":0,"pct":0}}
,"/root/repo/src/scaling/QuantumInspiredScaler.ts": {"lines":{"total":202,"covered":0,"skipped":0,"pct":0},"functions":{"total":55,"covered":0,"skipped":0,"pct":0},"statements":{"total":226,"covered":0,"skipped":0,"pct":0},"branches":{"total":75,"covered":0,"skipped":0,"pct":0}}
,"/root/repo/src/services/NerfService.ts": {"lines":{"total":43,"covered":32,"skipped":0,"pct":74.41},"functions":{"total":9,"covered":6,"skipped":0,"pct":66.66},"statements":{"total":43,"covered":32,"skipped":0,"pct":74.41},"branches":{"total":14,"covered":10,"skipped":0,"pct":71.42}}
,"/root/repo/src/streaming/NerfStreamer.ts": {"lines":{"total":143,"covered":0,"skipped":0,"pct":0},"functions":{"total":26,"covered":0,"skipped":0,"pct":0},"statements":{"total":162,"covered":0,"skipped":0,"pct":0},"branches":{"total":46,"covered":0,"skipped":0,"pct":0}}
,"/root/repo/src/utils/SpatialUtils.ts": {"lines":{"total":9,"covered":0,"skipped":0,"pct":0},"functions":{"total":3,"covered":0,"skipped":0,"pct":0},"statements":{"total":9,"covered":0,"skipped":0,"pct":0},"branches":{"total":3,"covered":0,"skipped":0,"pct":0}}
,"/root/repo/src/workers/NerfWorker.ts": {"lines":{"total":4,"covered":0,"skipped":0,"pct":0},"functions":{"total":2,"covered":0,"skipped":0,"pct":0},"statements":{"total":4,"covered":0,"skipped":0,"pct":0},"branches":{"total":0,"covered":0,"skipped":0,"pct":100}}
}
