TN:
SF:src/api/NerfAPI.ts
FN:23,(anonymous_0)
FN:27,(anonymous_1)
FN:44,(anonymous_2)
FNF:3
FNH:0
FNDA:0,(anonymous_0)
FNDA:0,(anonymous_1)
FNDA:0,(anonymous_2)
DA:22,0
DA:24,0
DA:31,0
DA:33,0
DA:45,0
LF:5
LH:0
BRF:0
BRH:0
end_of_record
TN:
SF:src/caching/AdvancedCache.ts
FN:54,(anonymous_0)
FN:65,(anonymous_1)
FN:114,(anonymous_2)
FN:124,(anonymous_3)
FN:160,(anonymous_4)
FN:189,(anonymous_5)
FN:205,(anonymous_6)
FN:206,(anonymous_7)
FN:221,(anonymous_8)
FN:229,(anonymous_9)
FN:251,(anonymous_10)
FN:252,(anonymous_11)
FN:261,(anonymous_12)
FN:269,(anonymous_13)
FN:282,(anonymous_14)
FN:300,(anonymous_15)
FN:313,(anonymous_16)
FN:319,(anonymous_17)
FN:325,(anonymous_18)
FN:331,(anonymous_19)
FN:346,(anonymous_20)
FN:359,(anonymous_21)
FN:378,(anonymous_22)
FN:380,(anonymous_23)
FN:385,(anonymous_24)
FN:392,(anonymous_25)
FN:394,(anonymous_26)
FN:400,(anonymous_27)
FN:417,(anonymous_28)
FN:422,(anonymous_29)
FN:432,(anonymous_30)
FN:459,(anonymous_31)
FN:471,(anonymous_32)
FN:495,(anonymous_33)
FN:512,(anonymous_34)
FN:541,(anonymous_35)
FN:546,(anonymous_36)
FN:566,(anonymous_37)
FN:570,(anonymous_38)
FN:575,(anonymous_39)
FN:578,(anonymous_40)
FN:595,(anonymous_41)
FN:599,(anonymous_42)
FN:603,(anonymous_43)
FN:613,(anonymous_44)
FN:634,(anonymous_45)
FN:646,(anonymous_46)
FN:667,(anonymous_47)
FN:679,(anonymous_48)
FN:695,(anonymous_49)
FN:697,(anonymous_50)
FN:700,(anonymous_51)
FN:704,(anonymous_52)
FN:707,(anonymous_53)
FNF:54
FNH:0
FNDA:0,(anonymous_0)
FNDA:0,(anonymous_1)
FNDA:0,(anonymous_2)
FNDA:0,(anonymous_3)
FNDA:0,(anonymous_4)
FNDA:0,(anonymous_5)
FNDA:0,(anonymous_6)
FNDA:0,(anonymous_7)
FNDA:0,(anonymous_8)
FNDA:0,(anonymous_9)
FNDA:0,(anonymous_10)
FNDA:0,(anonymous_11)
FNDA:0,(anonymous_12)
FNDA:0,(anonymous_13)
FNDA:0,(anonymous_14)
FNDA:0,(anonymous_15)
FNDA:0,(anonymous_16)
FNDA:0,(anonymous_17)
FNDA:0,(anonymous_18)
FNDA:0,(anonymous_19)
FNDA:0,(anonymous_20)
FNDA:0,(anonymous_21)
FNDA:0,(anonymous_22)
FNDA:0,(anonymous_23)
FNDA:0,(anonymous_24)
FNDA:0,(anonymous_25)
FNDA:0,(anonymous_26)
FNDA:0,(anonymous_27)
FNDA:0,(anonymous_28)
FNDA:0,(anonymous_29)
FNDA:0,(anonymous_30)
FNDA:0,(anonymous_31)
FNDA:0,(anonymous_32)
FNDA:0,(anonymous_33)
FNDA:0,(anonymous_34)
FNDA:0,(anonymous_35)
FNDA:0,(anonymous_36)
FNDA:0,(anonymous_37)
FNDA:0,(anonymous_38)
FNDA:0,(anonymous_39)
FNDA:0,(anonymous_40)
FNDA:0,(anonymous_41)
FNDA:0,(anonymous_42)
FNDA:0,(anonymous_43)
FNDA:0,(anonymous_44)
FNDA:0,(anonymous_45)
FNDA:0,(anonymous_46)
FNDA:0,(anonymous_47)
FNDA:0,(anonymous_48)
FNDA:0,(anonymous_49)
FNDA:0,(anonymous_50)
FNDA:0,(anonymous_51)
FNDA:0,(anonymous_52)
FNDA:0,(anonymous_53)
DA:47,0
DA:48,0
DA:50,0
DA:51,0
DA:55,0
DA:56,0
DA:57,0
DA:58,0
DA:59,0
DA:67,0
DA:78,0
DA:89,0
DA:100,0
DA:115,0
DA:116,0
DA:117,0
DA:118,0
DA:125,0
DA:126,0
DA:129,0
DA:130,0
DA:131,0
DA:132,0
DA:133,0
DA:138,0
DA:140,0
DA:141,0
DA:142,0
DA:143,0
DA:144,0
DA:146,0
DA:147,0
DA:148,0
DA:153,0
DA:154,0
DA:166,0
DA:167,0
DA:169,0
DA:170,0
DA:181,0
DA:182,0
DA:190,0
DA:192,0
DA:193,0
DA:194,0
DA:197,0
DA:198,0
DA:199,0
DA:206,0
DA:208,0
DA:209,0
DA:212,0
DA:215,0
DA:222,0
DA:223,0
DA:230,0
DA:233,0
DA:236,0
DA:239,0
DA:242,0
DA:244,0
DA:245,0
DA:252,0
DA:262,0
DA:263,0
DA:265,0
DA:266,0
DA:270,0
DA:271,0
DA:274,0
DA:275,0
DA:276,0
DA:277,0
DA:283,0
DA:284,0
DA:285,0
DA:286,0
DA:291,0
DA:292,0
DA:293,0
DA:294,0
DA:296,0
DA:301,0
DA:302,0
DA:303,0
DA:306,0
DA:307,0
DA:309,0
DA:314,0
DA:315,0
DA:316,0
DA:320,0
DA:321,0
DA:322,0
DA:326,0
DA:327,0
DA:328,0
DA:332,0
DA:333,0
DA:335,0
DA:336,0
DA:337,0
DA:338,0
DA:339,0
DA:342,0
DA:343,0
DA:347,0
DA:361,0
DA:362,0
DA:373,0
DA:374,0
DA:380,0
DA:381,0
DA:386,0
DA:387,0
DA:389,0
DA:394,0
DA:396,0
DA:402,0
DA:409,0
DA:410,0
DA:414,0
DA:424,0
DA:425,0
DA:433,0
DA:434,0
DA:435,0
DA:438,0
DA:439,0
DA:440,0
DA:443,0
DA:444,0
DA:447,0
DA:448,0
DA:453,0
DA:456,0
DA:457,0
DA:460,0
DA:461,0
DA:472,0
DA:474,0
DA:475,0
DA:476,0
DA:480,0
DA:481,0
DA:482,0
DA:483,0
DA:487,0
DA:488,0
DA:489,0
DA:490,0
DA:492,0
DA:497,0
DA:498,0
DA:502,0
DA:503,0
DA:506,0
DA:507,0
DA:508,0
DA:509,0
DA:513,0
DA:514,0
DA:516,0
DA:517,0
DA:518,0
DA:519,0
DA:522,0
DA:523,0
DA:528,0
DA:529,0
DA:530,0
DA:531,0
DA:532,0
DA:533,0
DA:534,0
DA:538,0
DA:542,0
DA:547,0
DA:548,0
DA:550,0
DA:551,0
DA:552,0
DA:556,0
DA:557,0
DA:558,0
DA:559,0
DA:560,0
DA:561,0
DA:567,0
DA:570,0
DA:577,0
DA:579,0
DA:580,0
DA:581,0
DA:584,0
DA:586,0
DA:587,0
DA:588,0
DA:589,0
DA:590,0
DA:591,0
DA:596,0
DA:600,0
DA:606,0
DA:608,0
DA:609,0
DA:610,0
DA:612,0
DA:613,0
DA:614,0
DA:616,0
DA:617,0
DA:619,0
DA:620,0
DA:622,0
DA:625,0
DA:626,0
DA:627,0
DA:628,0
DA:629,0
DA:630,0
DA:636,0
DA:637,0
DA:638,0
DA:640,0
DA:643,0
DA:648,0
DA:649,0
DA:651,0
DA:652,0
DA:653,0
DA:654,0
DA:656,0
DA:658,0
DA:659,0
DA:660,0
DA:664,0
DA:668,0
DA:669,0
DA:670,0
DA:675,0
DA:676,0
DA:677,0
DA:680,0
DA:681,0
DA:682,0
DA:684,0
DA:688,0
DA:689,0
DA:690,0
DA:691,0
DA:696,0
DA:697,0
DA:701,0
DA:704,0
DA:707,0
LF:256
LH:0
BRDA:129,0,0,0
BRDA:129,0,1,0
BRDA:129,1,0,0
BRDA:129,1,1,0
BRDA:131,2,0,0
BRDA:131,2,1,0
BRDA:142,3,0,0
BRDA:142,3,1,0
BRDA:144,4,0,0
BRDA:144,4,1,0
BRDA:169,5,0,0
BRDA:169,5,1,0
BRDA:177,6,0,0
BRDA:177,6,1,0
BRDA:178,7,0,0
BRDA:178,7,1,0
BRDA:205,8,0,0
BRDA:209,9,0,0
BRDA:209,9,1,0
BRDA:263,10,0,0
BRDA:263,10,1,0
BRDA:266,11,0,0
BRDA:266,11,1,0
BRDA:276,12,0,0
BRDA:276,12,1,0
BRDA:283,13,0,0
BRDA:283,13,1,0
BRDA:283,14,0,0
BRDA:283,14,1,0
BRDA:285,15,0,0
BRDA:285,15,1,0
BRDA:291,16,0,0
BRDA:291,16,1,0
BRDA:292,17,0,0
BRDA:292,17,1,0
BRDA:292,17,2,0
BRDA:293,18,0,0
BRDA:293,18,1,0
BRDA:294,19,0,0
BRDA:294,19,1,0
BRDA:294,19,2,0
BRDA:296,20,0,0
BRDA:296,20,1,0
BRDA:301,21,0,0
BRDA:301,21,1,0
BRDA:302,22,0,0
BRDA:302,22,1,0
BRDA:303,23,0,0
BRDA:303,23,1,0
BRDA:327,24,0,0
BRDA:327,24,1,0
BRDA:361,25,0,0
BRDA:361,25,1,0
BRDA:433,26,0,0
BRDA:433,26,1,0
BRDA:438,27,0,0
BRDA:438,27,1,0
BRDA:474,28,0,0
BRDA:474,28,1,0
BRDA:480,29,0,0
BRDA:480,29,1,0
BRDA:502,30,0,0
BRDA:502,30,1,0
BRDA:517,31,0,0
BRDA:517,31,1,0
BRDA:518,32,0,0
BRDA:518,32,1,0
BRDA:522,33,0,0
BRDA:522,33,1,0
BRDA:530,34,0,0
BRDA:530,34,1,0
BRDA:542,35,0,0
BRDA:542,35,1,0
BRDA:551,36,0,0
BRDA:551,36,1,0
BRDA:558,37,0,0
BRDA:558,37,1,0
BRDA:586,38,0,0
BRDA:586,38,1,0
BRDA:606,39,0,0
BRDA:606,39,1,0
BRDA:606,39,2,0
BRDA:606,39,3,0
BRDA:606,39,4,0
BRDA:616,40,0,0
BRDA:616,40,1,0
BRDA:622,41,0,0
BRDA:622,41,1,0
BRDA:626,42,0,0
BRDA:626,42,1,0
BRDA:637,43,0,0
BRDA:637,43,1,0
BRDA:643,44,0,0
BRDA:643,44,1,0
BRDA:652,45,0,0
BRDA:652,45,1,0
BRDA:658,46,0,0
BRDA:658,46,1,0
BRDA:681,47,0,0
BRDA:681,47,1,0
BRDA:688,48,0,0
BRDA:688,48,1,0
BRDA:696,49,0,0
BRDA:696,49,1,0
BRDA:703,50,0,0
BRDA:703,50,1,0
BRDA:706,51,0,0
BRDA:706,51,1,0
BRF:108
BRH:0
end_of_record
TN:
SF:src/concurrency/ConcurrentProcessor.ts
FN:48,(anonymous_0)
FN:77,(anonymous_1)
FN:78,(anonymous_2)
FN:82,(anonymous_3)
FN:86,(anonymous_4)
FN:100,(anonymous_5)
FN:113,(anonymous_6)
FN:117,(anonymous_7)
FN:124,(anonymous_8)
FN:129,(anonymous_9)
FN:133,(anonymous_10)
FN:144,(anonymous_11)
FN:155,(anonymous_12)
FN:159,(anonymous_13)
FN:171,(anonymous_14)
FN:175,(anonymous_15)
FN:179,(anonymous_16)
FN:190,(anonymous_17)
FN:205,(anonymous_18)
FN:222,(anonymous_19)
FN:230,(anonymous_20)
FN:261,(anonymous_21)
FN:265,(anonymous_22)
FN:274,(anonymous_23)
FN:280,(anonymous_24)
FN:290,(anonymous_25)
FN:295,(anonymous_26)
FN:310,(anonymous_27)
FN:313,(anonymous_28)
FN:334,(anonymous_29)
FN:346,(anonymous_30)
FN:347,(anonymous_31)
FN:352,(anonymous_32)
FN:361,(anonymous_33)
FN:368,(anonymous_34)
FN:371,(anonymous_35)
FN:375,(anonymous_36)
FN:386,(anonymous_37)
FN:387,(anonymous_38)
FN:390,(anonymous_39)
FN:392,(anonymous_40)
FN:395,(anonymous_41)
FN:405,(anonymous_42)
FN:421,(anonymous_43)
FN:436,(anonymous_44)
FN:443,(anonymous_45)
FN:466,(anonymous_46)
FN:474,(anonymous_47)
FN:480,(anonymous_48)
FN:484,(anonymous_49)
FN:489,(anonymous_50)
FN:490,(anonymous_51)
FN:493,(anonymous_52)
FN:498,(anonymous_53)
FN:499,(anonymous_54)
FN:505,(anonymous_55)
FN:526,(anonymous_56)
FN:530,(anonymous_57)
FN:544,(anonymous_58)
FN:554,(anonymous_59)
FN:556,(anonymous_60)
FNF:61
FNH:0
FNDA:0,(anonymous_0)
FNDA:0,(anonymous_1)
FNDA:0,(anonymous_2)
FNDA:0,(anonymous_3)
FNDA:0,(anonymous_4)
FNDA:0,(anonymous_5)
FNDA:0,(anonymous_6)
FNDA:0,(anonymous_7)
FNDA:0,(anonymous_8)
FNDA:0,(anonymous_9)
FNDA:0,(anonymous_10)
FNDA:0,(anonymous_11)
FNDA:0,(anonymous_12)
FNDA:0,(anonymous_13)
FNDA:0,(anonymous_14)
FNDA:0,(anonymous_15)
FNDA:0,(anonymous_16)
FNDA:0,(anonymous_17)
FNDA:0,(anonymous_18)
FNDA:0,(anonymous_19)
FNDA:0,(anonymous_20)
FNDA:0,(anonymous_21)
FNDA:0,(anonymous_22)
FNDA:0,(anonymous_23)
FNDA:0,(anonymous_24)
FNDA:0,(anonymous_25)
FNDA:0,(anonymous_26)
FNDA:0,(anonymous_27)
FNDA:0,(anonymous_28)
FNDA:0,(anonymous_29)
FNDA:0,(anonymous_30)
FNDA:0,(anonymous_31)
FNDA:0,(anonymous_32)
FNDA:0,(anonymous_33)
FNDA:0,(anonymous_34)
FNDA:0,(anonymous_35)
FNDA:0,(anonymous_36)
FNDA:0,(anonymous_37)
FNDA:0,(anonymous_38)
FNDA:0,(anonymous_39)
FNDA:0,(anonymous_40)
FNDA:0,(anonymous_41)
FNDA:0,(anonymous_42)
FNDA:0,(anonymous_43)
FNDA:0,(anonymous_44)
FNDA:0,(anonymous_45)
FNDA:0,(anonymous_46)
FNDA:0,(anonymous_47)
FNDA:0,(anonymous_48)
FNDA:0,(anonymous_49)
FNDA:0,(anonymous_50)
FNDA:0,(anonymous_51)
FNDA:0,(anonymous_52)
FNDA:0,(anonymous_53)
FNDA:0,(anonymous_54)
FNDA:0,(anonymous_55)
FNDA:0,(anonymous_56)
FNDA:0,(anonymous_57)
FNDA:0,(anonymous_58)
FNDA:0,(anonymous_59)
FNDA:0,(anonymous_60)
DA:37,0
DA:39,0
DA:40,0
DA:41,0
DA:42,0
DA:45,0
DA:46,0
DA:49,0
DA:60,0
DA:69,0
DA:70,0
DA:71,0
DA:78,0
DA:80,0
DA:83,0
DA:84,0
DA:87,0
DA:88,0
DA:93,0
DA:94,0
DA:95,0
DA:99,0
DA:100,0
DA:101,0
DA:104,0
DA:105,0
DA:114,0
DA:115,0
DA:117,0
DA:129,0
DA:134,0
DA:138,0
DA:148,0
DA:149,0
DA:151,0
DA:152,0
DA:155,0
DA:160,0
DA:164,0
DA:165,0
DA:175,0
DA:180,0
DA:184,0
DA:195,0
DA:206,0
DA:211,0
DA:212,0
DA:213,0
DA:214,0
DA:217,0
DA:224,0
DA:225,0
DA:227,0
DA:231,0
DA:258,0
DA:259,0
DA:261,0
DA:262,0
DA:265,0
DA:266,0
DA:269,0
DA:270,0
DA:271,0
DA:275,0
DA:276,0
DA:281,0
DA:282,0
DA:283,0
DA:284,0
DA:287,0
DA:291,0
DA:292,0
DA:296,0
DA:299,0
DA:300,0
DA:301,0
DA:304,0
DA:305,0
DA:306,0
DA:310,0
DA:314,0
DA:315,0
DA:317,0
DA:318,0
DA:319,0
DA:320,0
DA:322,0
DA:324,0
DA:326,0
DA:333,0
DA:334,0
DA:335,0
DA:336,0
DA:342,0
DA:347,0
DA:348,0
DA:349,0
DA:350,0
DA:352,0
DA:353,0
DA:354,0
DA:356,0
DA:357,0
DA:361,0
DA:362,0
DA:363,0
DA:364,0
DA:368,0
DA:369,0
DA:372,0
DA:373,0
DA:376,0
DA:377,0
DA:381,0
DA:387,0
DA:392,0
DA:396,0
DA:398,0
DA:399,0
DA:400,0
DA:401,0
DA:406,0
DA:407,0
DA:409,0
DA:410,0
DA:411,0
DA:412,0
DA:414,0
DA:416,0
DA:417,0
DA:422,0
DA:423,0
DA:425,0
DA:426,0
DA:427,0
DA:429,0
DA:431,0
DA:432,0
DA:437,0
DA:438,0
DA:440,0
DA:444,0
DA:445,0
DA:447,0
DA:449,0
DA:450,0
DA:453,0
DA:454,0
DA:455,0
DA:459,0
DA:460,0
DA:461,0
DA:467,0
DA:468,0
DA:469,0
DA:480,0
DA:481,0
DA:489,0
DA:490,0
DA:498,0
DA:499,0
DA:506,0
DA:508,0
DA:509,0
DA:512,0
DA:513,0
DA:514,0
DA:515,0
DA:517,0
DA:522,0
DA:523,0
DA:524,0
DA:527,0
DA:531,0
DA:532,0
DA:533,0
DA:534,0
DA:535,0
DA:538,0
DA:539,0
DA:545,0
DA:546,0
DA:549,0
DA:550,0
DA:555,0
DA:556,0
DA:559,0
DA:562,0
LF:188
LH:0
BRDA:50,0,0,0
BRDA:50,0,1,0
BRDA:51,1,0,0
BRDA:51,1,1,0
BRDA:83,2,0,0
BRDA:83,2,1,0
BRDA:87,3,0,0
BRDA:87,3,1,0
BRDA:93,4,0,0
BRDA:93,4,1,0
BRDA:104,5,0,0
BRDA:104,5,1,0
BRDA:114,6,0,0
BRDA:114,6,1,0
BRDA:211,7,0,0
BRDA:211,7,1,0
BRDA:213,8,0,0
BRDA:213,8,1,0
BRDA:281,9,0,0
BRDA:281,9,1,0
BRDA:283,10,0,0
BRDA:283,10,1,0
BRDA:296,11,0,0
BRDA:296,11,1,0
BRDA:299,12,0,0
BRDA:299,12,1,0
BRDA:299,13,0,0
BRDA:299,13,1,0
BRDA:304,14,0,0
BRDA:304,14,1,0
BRDA:304,15,0,0
BRDA:304,15,1,0
BRDA:315,16,0,0
BRDA:315,16,1,0
BRDA:333,17,0,0
BRDA:333,17,1,0
BRDA:335,18,0,0
BRDA:335,18,1,0
BRDA:356,19,0,0
BRDA:356,19,1,0
BRDA:356,20,0,0
BRDA:356,20,1,0
BRDA:362,21,0,0
BRDA:362,21,1,0
BRDA:372,22,0,0
BRDA:372,22,1,0
BRDA:376,23,0,0
BRDA:376,23,1,0
BRDA:392,24,0,0
BRDA:392,24,1,0
BRDA:398,25,0,0
BRDA:398,25,1,0
BRDA:400,26,0,0
BRDA:400,26,1,0
BRDA:407,27,0,0
BRDA:407,27,1,0
BRDA:416,28,0,0
BRDA:416,28,1,0
BRDA:423,29,0,0
BRDA:423,29,1,0
BRDA:431,30,0,0
BRDA:431,30,1,0
BRDA:438,31,0,0
BRDA:438,31,1,0
BRDA:445,32,0,0
BRDA:445,32,1,0
BRDA:453,33,0,0
BRDA:453,33,1,0
BRDA:453,34,0,0
BRDA:453,34,1,0
BRDA:454,35,0,0
BRDA:454,35,1,0
BRDA:459,36,0,0
BRDA:459,36,1,0
BRDA:459,37,0,0
BRDA:459,37,1,0
BRDA:460,38,0,0
BRDA:460,38,1,0
BRDA:532,39,0,0
BRDA:532,39,1,0
BRDA:538,40,0,0
BRDA:538,40,1,0
BRDA:549,41,0,0
BRDA:549,41,1,0
BRDA:555,42,0,0
BRDA:555,42,1,0
BRF:86
BRH:0
end_of_record
TN:
SF:src/core/AdvancedErrorHandler.ts
FN:5,(anonymous_0)
FN:12,(anonymous_1)
FN:47,(anonymous_2)
FN:54,(anonymous_3)
FN:71,(anonymous_4)
FN:79,(anonymous_5)
FN:104,(anonymous_6)
FN:127,(anonymous_7)
FN:153,(anonymous_8)
FN:170,(anonymous_9)
FN:195,(anonymous_10)
FN:210,(anonymous_11)
FN:235,(anonymous_12)
FN:239,(anonymous_13)
FN:240,(anonymous_14)
FN:243,(anonymous_15)
FN:252,(anonymous_16)
FN:253,(anonymous_17)
FN:272,(anonymous_18)
FN:273,(anonymous_19)
FN:278,(anonymous_20)
FN:288,(anonymous_21)
FN:289,(anonymous_22)
FN:306,(anonymous_23)
FN:308,(anonymous_24)
FN:318,(anonymous_25)
FN:331,(anonymous_26)
FN:345,(anonymous_27)
FN:357,(anonymous_28)
FN:370,(anonymous_29)
FN:377,(anonymous_30)
FN:386,(anonymous_31)
FN:393,(anonymous_32)
FN:400,(anonymous_33)
FN:407,(anonymous_34)
FN:443,(anonymous_35)
FN:450,(anonymous_36)
FNF:37
FNH:0
FNDA:0,(anonymous_0)
FNDA:0,(anonymous_1)
FNDA:0,(anonymous_2)
FNDA:0,(anonymous_3)
FNDA:0,(anonymous_4)
FNDA:0,(anonymous_5)
FNDA:0,(anonymous_6)
FNDA:0,(anonymous_7)
FNDA:0,(anonymous_8)
FNDA:0,(anonymous_9)
FNDA:0,(anonymous_10)
FNDA:0,(anonymous_11)
FNDA:0,(anonymous_12)
FNDA:0,(anonymous_13)
FNDA:0,(anonymous_14)
FNDA:0,(anonymous_15)
FNDA:0,(anonymous_16)
FNDA:0,(anonymous_17)
FNDA:0,(anonymous_18)
FNDA:0,(anonymous_19)
FNDA:0,(anonymous_20)
FNDA:0,(anonymous_21)
FNDA:0,(anonymous_22)
FNDA:0,(anonymous_23)
FNDA:0,(anonymous_24)
FNDA:0,(anonymous_25)
FNDA:0,(anonymous_26)
FNDA:0,(anonymous_27)
FNDA:0,(anonymous_28)
FNDA:0,(anonymous_29)
FNDA:0,(anonymous_30)
FNDA:0,(anonymous_31)
FNDA:0,(anonymous_32)
FNDA:0,(anonymous_33)
FNDA:0,(anonymous_34)
FNDA:0,(anonymous_35)
FNDA:0,(anonymous_36)
DA:5,0
DA:6,0
DA:7,0
DA:8,0
DA:9,0
DA:12,0
DA:13,0
DA:14,0
DA:15,0
DA:16,0
DA:17,0
DA:18,0
DA:19,0
DA:20,0
DA:42,0
DA:45,0
DA:48,0
DA:49,0
DA:50,0
DA:51,0
DA:55,0
DA:65,0
DA:66,0
DA:67,0
DA:68,0
DA:69,0
DA:72,0
DA:73,0
DA:80,0
DA:83,0
DA:84,0
DA:87,0
DA:89,0
DA:91,0
DA:95,0
DA:98,0
DA:105,0
DA:106,0
DA:109,0
DA:121,0
DA:128,0
DA:129,0
DA:131,0
DA:132,0
DA:133,0
DA:134,0
DA:135,0
DA:136,0
DA:137,0
DA:138,0
DA:139,0
DA:140,0
DA:141,0
DA:142,0
DA:143,0
DA:144,0
DA:146,0
DA:154,0
DA:156,0
DA:157,0
DA:158,0
DA:159,0
DA:160,0
DA:161,0
DA:163,0
DA:171,0
DA:172,0
DA:173,0
DA:175,0
DA:176,0
DA:177,0
DA:179,0
DA:180,0
DA:181,0
DA:184,0
DA:189,0
DA:196,0
DA:198,0
DA:200,0
DA:203,0
DA:211,0
DA:213,0
DA:214,0
DA:222,0
DA:228,0
DA:237,0
DA:239,0
DA:242,0
DA:243,0
DA:244,0
DA:250,0
DA:252,0
DA:254,0
DA:257,0
DA:258,0
DA:262,0
DA:264,0
DA:270,0
DA:272,0
DA:274,0
DA:277,0
DA:278,0
DA:280,0
DA:286,0
DA:288,0
DA:290,0
DA:293,0
DA:297,0
DA:308,0
DA:309,0
DA:318,0
DA:319,0
DA:332,0
DA:346,0
DA:347,0
DA:348,0
DA:349,0
DA:351,0
DA:358,0
DA:359,0
DA:360,0
DA:361,0
DA:363,0
DA:371,0
DA:378,0
DA:379,0
DA:387,0
DA:394,0
DA:401,0
DA:413,0
DA:420,0
DA:422,0
DA:424,0
DA:427,0
DA:430,0
DA:431,0
DA:435,0
DA:437,0
DA:444,0
DA:451,0
LF:140
LH:0
BRDA:5,0,0,0
BRDA:5,0,1,0
BRDA:12,1,0,0
BRDA:12,1,1,0
BRDA:89,2,0,0
BRDA:89,2,1,0
BRDA:105,3,0,0
BRDA:105,3,1,0
BRDA:115,4,0,0
BRDA:115,4,1,0
BRDA:129,5,0,0
BRDA:129,5,1,0
BRDA:131,6,0,0
BRDA:131,6,1,0
BRDA:131,7,0,0
BRDA:131,7,1,0
BRDA:131,7,2,0
BRDA:133,8,0,0
BRDA:133,8,1,0
BRDA:133,9,0,0
BRDA:133,9,1,0
BRDA:135,10,0,0
BRDA:135,10,1,0
BRDA:135,11,0,0
BRDA:135,11,1,0
BRDA:135,11,2,0
BRDA:137,12,0,0
BRDA:137,12,1,0
BRDA:137,13,0,0
BRDA:137,13,1,0
BRDA:137,13,2,0
BRDA:139,14,0,0
BRDA:139,14,1,0
BRDA:139,15,0,0
BRDA:139,15,1,0
BRDA:141,16,0,0
BRDA:141,16,1,0
BRDA:141,17,0,0
BRDA:141,17,1,0
BRDA:141,17,2,0
BRDA:143,18,0,0
BRDA:143,18,1,0
BRDA:143,19,0,0
BRDA:143,19,1,0
BRDA:156,20,0,0
BRDA:156,20,1,0
BRDA:156,21,0,0
BRDA:156,21,1,0
BRDA:156,21,2,0
BRDA:158,22,0,0
BRDA:158,22,1,0
BRDA:158,23,0,0
BRDA:158,23,1,0
BRDA:158,23,2,0
BRDA:160,24,0,0
BRDA:160,24,1,0
BRDA:160,25,0,0
BRDA:160,25,1,0
BRDA:172,26,0,0
BRDA:172,26,1,0
BRDA:172,27,0,0
BRDA:172,27,1,0
BRDA:179,28,0,0
BRDA:179,28,1,0
BRDA:198,29,0,0
BRDA:198,29,1,0
BRDA:211,30,0,0
BRDA:211,30,1,0
BRDA:257,31,0,0
BRDA:257,31,1,0
BRDA:257,32,0,0
BRDA:257,32,1,0
BRDA:319,33,0,0
BRDA:319,33,1,0
BRDA:320,34,0,0
BRDA:320,34,1,0
BRDA:347,35,0,0
BRDA:347,35,1,0
BRDA:358,36,0,0
BRDA:358,36,1,0
BRDA:358,37,0,0
BRDA:358,37,1,0
BRDA:360,38,0,0
BRDA:360,38,1,0
BRDA:378,39,0,0
BRDA:378,39,1,0
BRDA:424,40,0,0
BRDA:424,40,1,0
BRDA:427,41,0,0
BRDA:427,41,1,0
BRDA:430,42,0,0
BRDA:430,42,1,0
BRDA:435,43,0,0
BRDA:435,43,1,0
BRDA:450,44,0,0
BRF:95
BRH:0
end_of_record
TN:
SF:src/core/EnhancedNerfRenderer.ts
FN:45,(anonymous_0)
FN:73,(anonymous_1)
FN:105,(anonymous_2)
FN:123,(anonymous_3)
FN:149,(anonymous_4)
FN:166,(anonymous_5)
FN:199,(anonymous_6)
FN:218,(anonymous_7)
FN:238,(anonymous_8)
FN:255,(anonymous_9)
FN:260,(anonymous_10)
FN:262,(anonymous_11)
FN:266,(anonymous_12)
FN:271,(anonymous_13)
FN:276,(anonymous_14)
FN:281,(anonymous_15)
FN:286,(anonymous_16)
FNF:17
FNH:0
FNDA:0,(anonymous_0)
FNDA:0,(anonymous_1)
FNDA:0,(anonymous_2)
FNDA:0,(anonymous_3)
FNDA:0,(anonymous_4)
FNDA:0,(anonymous_5)
FNDA:0,(anonymous_6)
FNDA:0,(anonymous_7)
FNDA:0,(anonymous_8)
FNDA:0,(anonymous_9)
FNDA:0,(anonymous_10)
FNDA:0,(anonymous_11)
FNDA:0,(anonymous_12)
FNDA:0,(anonymous_13)
FNDA:0,(anonymous_14)
FNDA:0,(anonymous_15)
FNDA:0,(anonymous_16)
DA:6,0
DA:34,0
DA:37,0
DA:38,0
DA:39,0
DA:42,0
DA:43,0
DA:46,0
DA:48,0
DA:57,0
DA:74,0
DA:76,0
DA:78,0
DA:79,0
DA:83,0
DA:86,0
DA:89,0
DA:92,0
DA:93,0
DA:96,0
DA:97,0
DA:98,0
DA:106,0
DA:107,0
DA:111,0
DA:114,0
DA:117,0
DA:124,0
DA:126,0
DA:127,0
DA:129,0
DA:131,0
DA:132,0
DA:133,0
DA:134,0
DA:136,0
DA:138,0
DA:139,0
DA:140,0
DA:141,0
DA:150,0
DA:151,0
DA:154,0
DA:155,0
DA:156,0
DA:160,0
DA:167,0
DA:168,0
DA:169,0
DA:170,0
DA:172,0
DA:173,0
DA:174,0
DA:175,0
DA:178,0
DA:179,0
DA:180,0
DA:183,0
DA:184,0
DA:185,0
DA:186,0
DA:189,0
DA:193,0
DA:201,0
DA:203,0
DA:204,0
DA:207,0
DA:208,0
DA:209,0
DA:211,0
DA:224,0
DA:226,0
DA:243,0
DA:244,0
DA:246,0
DA:247,0
DA:250,0
DA:256,0
DA:257,0
DA:261,0
DA:262,0
DA:263,0
DA:268,0
DA:273,0
DA:278,0
DA:283,0
DA:287,0
DA:288,0
DA:291,0
DA:292,0
LF:90
LH:0
BRDA:45,0,0,0
BRDA:50,1,0,0
BRDA:50,1,1,0
BRDA:78,2,0,0
BRDA:78,2,1,0
BRDA:106,3,0,0
BRDA:106,3,1,0
BRDA:111,4,0,0
BRDA:111,4,1,0
BRDA:124,5,0,0
BRDA:124,5,1,0
BRDA:129,6,0,0
BRDA:129,6,1,0
BRDA:131,7,0,0
BRDA:131,7,1,0
BRDA:136,8,0,0
BRDA:136,8,1,0
BRDA:138,9,0,0
BRDA:138,9,1,0
BRDA:155,10,0,0
BRDA:155,10,1,0
BRDA:184,11,0,0
BRDA:184,11,1,0
BRDA:201,12,0,0
BRDA:201,12,1,0
BRDA:231,13,0,0
BRDA:231,13,1,0
BRDA:243,14,0,0
BRDA:243,14,1,0
BRDA:246,15,0,0
BRDA:246,15,1,0
BRDA:261,16,0,0
BRDA:261,16,1,0
BRDA:291,17,0,0
BRDA:291,17,1,0
BRF:35
BRH:0
end_of_record
TN:
SF:src/core/ErrorHandler.ts
FN:12,(anonymous_0)
FN:19,(anonymous_1)
FN:79,(anonymous_2)
FN:90,(anonymous_3)
FN:128,(anonymous_4)
FN:168,(anonymous_5)
FN:199,(anonymous_6)
FN:230,(anonymous_7)
FN:268,(anonymous_8)
FN:293,(anonymous_9)
FN:316,(anonymous_10)
FN:331,(anonymous_11)
FN:355,(anonymous_12)
FN:368,(anonymous_13)
FN:375,(anonymous_14)
FN:405,(anonymous_15)
FN:437,(anonymous_16)
FN:473,(anonymous_17)
FN:480,(anonymous_18)
FN:483,(anonymous_19)
FN:487,(anonymous_20)
FN:493,(anonymous_21)
FN:497,(anonymous_22)
FN:507,(anonymous_23)
FN:516,(anonymous_24)
FN:539,(anonymous_25)
FN:542,(anonymous_26)
FN:548,(anonymous_27)
FN:553,(anonymous_28)
FN:554,(anonymous_29)
FN:557,(anonymous_30)
FN:568,(anonymous_31)
FN:569,(anonymous_32)
FN:576,(anonymous_33)
FN:581,(anonymous_34)
FN:602,(anonymous_35)
FN:611,(anonymous_36)
FN:626,(anonymous_37)
FN:628,(anonymous_38)
FN:648,(anonymous_39)
FN:649,(anonymous_40)
FNF:41
FNH:0
FNDA:0,(anonymous_0)
FNDA:0,(anonymous_1)
FNDA:0,(anonymous_2)
FNDA:0,(anonymous_3)
FNDA:0,(anonymous_4)
FNDA:0,(anonymous_5)
FNDA:0,(anonymous_6)
FNDA:0,(anonymous_7)
FNDA:0,(anonymous_8)
FNDA:0,(anonymous_9)
FNDA:0,(anonymous_10)
FNDA:0,(anonymous_11)
FNDA:0,(anonymous_12)
FNDA:0,(anonymous_13)
FNDA:0,(anonymous_14)
FNDA:0,(anonymous_15)
FNDA:0,(anonymous_16)
FNDA:0,(anonymous_17)
FNDA:0,(anonymous_18)
FNDA:0,(anonymous_19)
FNDA:0,(anonymous_20)
FNDA:0,(anonymous_21)
FNDA:0,(anonymous_22)
FNDA:0,(anonymous_23)
FNDA:0,(anonymous_24)
FNDA:0,(anonymous_25)
FNDA:0,(anonymous_26)
FNDA:0,(anonymous_27)
FNDA:0,(anonymous_28)
FNDA:0,(anonymous_29)
FNDA:0,(anonymous_30)
FNDA:0,(anonymous_31)
FNDA:0,(anonymous_32)
FNDA:0,(anonymous_33)
FNDA:0,(anonymous_34)
FNDA:0,(anonymous_35)
FNDA:0,(anonymous_36)
FNDA:0,(anonymous_37)
FNDA:0,(anonymous_38)
FNDA:0,(anonymous_39)
FNDA:0,(anonymous_40)
DA:12,0
DA:13,0
DA:14,0
DA:15,0
DA:16,0
DA:19,0
DA:20,0
DA:21,0
DA:22,0
DA:23,0
DA:24,0
DA:25,0
DA:26,0
DA:27,0
DA:71,0
DA:72,0
DA:73,0
DA:74,0
DA:75,0
DA:76,0
DA:77,0
DA:80,0
DA:81,0
DA:82,0
DA:84,0
DA:97,0
DA:100,0
DA:103,0
DA:104,0
DA:105,0
DA:109,0
DA:112,0
DA:115,0
DA:118,0
DA:119,0
DA:122,0
DA:129,0
DA:130,0
DA:132,0
DA:134,0
DA:141,0
DA:144,0
DA:145,0
DA:147,0
DA:149,0
DA:150,0
DA:151,0
DA:152,0
DA:154,0
DA:157,0
DA:158,0
DA:159,0
DA:162,0
DA:169,0
DA:170,0
DA:172,0
DA:174,0
DA:176,0
DA:179,0
DA:182,0
DA:185,0
DA:188,0
DA:189,0
DA:192,0
DA:200,0
DA:201,0
DA:203,0
DA:204,0
DA:205,0
DA:207,0
DA:209,0
DA:211,0
DA:214,0
DA:215,0
DA:216,0
DA:217,0
DA:220,0
DA:224,0
DA:231,0
DA:233,0
DA:234,0
DA:236,0
DA:237,0
DA:239,0
DA:240,0
DA:243,0
DA:244,0
DA:247,0
DA:248,0
DA:251,0
DA:252,0
DA:255,0
DA:258,0
DA:262,0
DA:269,0
DA:271,0
DA:274,0
DA:282,0
DA:283,0
DA:284,0
DA:287,0
DA:294,0
DA:296,0
DA:298,0
DA:300,0
DA:303,0
DA:305,0
DA:306,0
DA:308,0
DA:309,0
DA:317,0
DA:318,0
DA:320,0
DA:321,0
DA:323,0
DA:324,0
DA:332,0
DA:335,0
DA:343,0
DA:344,0
DA:345,0
DA:349,0
DA:356,0
DA:357,0
DA:358,0
DA:360,0
DA:369,0
DA:384,0
DA:385,0
DA:387,0
DA:388,0
DA:389,0
DA:392,0
DA:411,0
DA:425,0
DA:426,0
DA:429,0
DA:430,0
DA:431,0
DA:434,0
DA:438,0
DA:444,0
DA:450,0
DA:455,0
DA:460,0
DA:466,0
DA:474,0
DA:475,0
DA:476,0
DA:477,0
DA:482,0
DA:483,0
DA:484,0
DA:487,0
DA:488,0
DA:494,0
DA:498,0
DA:499,0
DA:500,0
DA:501,0
DA:502,0
DA:503,0
DA:508,0
DA:510,0
DA:511,0
DA:512,0
DA:518,0
DA:525,0
DA:536,0
DA:540,0
DA:541,0
DA:542,0
DA:545,0
DA:550,0
DA:554,0
DA:558,0
DA:561,0
DA:568,0
DA:569,0
DA:573,0
DA:578,0
DA:583,0
DA:601,0
DA:603,0
DA:604,0
DA:612,0
DA:613,0
DA:614,0
DA:615,0
DA:616,0
DA:617,0
DA:625,0
DA:626,0
DA:629,0
DA:631,0
DA:633,0
DA:640,0
DA:641,0
DA:644,0
DA:649,0
LF:200
LH:0
BRDA:12,0,0,0
BRDA:12,0,1,0
BRDA:19,1,0,0
BRDA:19,1,1,0
BRDA:93,2,0,0
BRDA:94,3,0,0
BRDA:103,4,0,0
BRDA:103,4,1,0
BRDA:118,5,0,0
BRDA:118,5,1,0
BRDA:132,6,0,0
BRDA:132,6,1,0
BRDA:147,7,0,0
BRDA:147,7,1,0
BRDA:149,8,0,0
BRDA:149,8,1,0
BRDA:157,9,0,0
BRDA:157,9,1,0
BRDA:169,10,0,0
BRDA:169,10,1,0
BRDA:170,11,0,0
BRDA:170,11,1,0
BRDA:174,12,0,0
BRDA:174,12,1,0
BRDA:174,12,2,0
BRDA:174,12,3,0
BRDA:174,12,4,0
BRDA:174,12,5,0
BRDA:200,13,0,0
BRDA:200,13,1,0
BRDA:215,14,0,0
BRDA:215,14,1,0
BRDA:231,15,0,0
BRDA:231,15,1,0
BRDA:237,16,0,0
BRDA:237,16,1,0
BRDA:237,16,2,0
BRDA:237,16,3,0
BRDA:237,16,4,0
BRDA:269,17,0,0
BRDA:269,17,1,0
BRDA:320,18,0,0
BRDA:320,18,1,0
BRDA:323,19,0,0
BRDA:323,19,1,0
BRDA:388,20,0,0
BRDA:388,20,1,0
BRDA:389,21,0,0
BRDA:389,21,1,0
BRDA:416,22,0,0
BRDA:416,22,1,0
BRDA:417,23,0,0
BRDA:417,23,1,0
BRDA:425,24,0,0
BRDA:425,24,1,0
BRDA:425,25,0,0
BRDA:425,25,1,0
BRDA:430,26,0,0
BRDA:430,26,1,0
BRDA:482,27,0,0
BRDA:482,27,1,0
BRDA:498,28,0,0
BRDA:498,28,1,0
BRDA:498,28,2,0
BRDA:498,28,3,0
BRDA:498,28,4,0
BRDA:511,29,0,0
BRDA:511,29,1,0
BRDA:536,30,0,0
BRDA:536,30,1,0
BRDA:540,31,0,0
BRDA:540,31,1,0
BRDA:542,32,0,0
BRDA:542,32,1,0
BRDA:612,33,0,0
BRDA:612,33,1,0
BRDA:612,33,2,0
BRDA:612,33,3,0
BRDA:612,33,4,0
BRDA:635,34,0,0
BRDA:635,34,1,0
BRF:81
BRH:0
end_of_record
TN:
SF:src/core/FoveatedRenderer.ts
FN:30,(anonymous_0)
FN:46,(anonymous_1)
FN:61,(anonymous_2)
FN:104,(anonymous_3)
FN:136,(anonymous_4)
FN:144,(anonymous_5)
FN:160,(anonymous_6)
FN:168,(anonymous_7)
FN:224,(anonymous_8)
FN:236,(anonymous_9)
FN:243,(anonymous_10)
FN:254,(anonymous_11)
FN:261,(anonymous_12)
FN:267,(anonymous_13)
FN:279,(anonymous_14)
FNF:15
FNH:0
FNDA:0,(anonymous_0)
FNDA:0,(anonymous_1)
FNDA:0,(anonymous_2)
FNDA:0,(anonymous_3)
FNDA:0,(anonymous_4)
FNDA:0,(anonymous_5)
FNDA:0,(anonymous_6)
FNDA:0,(anonymous_7)
FNDA:0,(anonymous_8)
FNDA:0,(anonymous_9)
FNDA:0,(anonymous_10)
FNDA:0,(anonymous_11)
FNDA:0,(anonymous_12)
FNDA:0,(anonymous_13)
FNDA:0,(anonymous_14)
DA:22,0
DA:24,0
DA:25,0
DA:26,0
DA:27,0
DA:28,0
DA:31,0
DA:47,0
DA:48,0
DA:51,0
DA:52,0
DA:53,0
DA:54,0
DA:62,0
DA:63,0
DA:66,0
DA:67,0
DA:69,0
DA:70,0
DA:71,0
DA:74,0
DA:75,0
DA:78,0
DA:79,0
DA:80,0
DA:83,0
DA:84,0
DA:87,0
DA:88,0
DA:89,0
DA:90,0
DA:91,0
DA:95,0
DA:96,0
DA:98,0
DA:105,0
DA:107,0
DA:108,0
DA:109,0
DA:112,0
DA:114,0
DA:116,0
DA:117,0
DA:119,0
DA:122,0
DA:125,0
DA:128,0
DA:129,0
DA:137,0
DA:138,0
DA:145,0
DA:147,0
DA:148,0
DA:150,0
DA:151,0
DA:152,0
DA:154,0
DA:161,0
DA:162,0
DA:169,0
DA:225,0
DA:227,0
DA:228,0
DA:230,0
DA:237,0
DA:244,0
DA:246,0
DA:247,0
DA:255,0
DA:262,0
DA:263,0
DA:267,0
DA:268,0
DA:271,0
DA:273,0
DA:280,0
DA:281,0
DA:282,0
LF:78
LH:0
BRDA:30,0,0,0
BRDA:52,1,0,0
BRDA:52,1,1,0
BRDA:61,2,0,0
BRDA:61,3,0,0
BRDA:66,4,0,0
BRDA:66,4,1,0
BRDA:67,5,0,0
BRDA:67,5,1,0
BRDA:105,6,0,0
BRDA:105,6,1,0
BRDA:114,7,0,0
BRDA:114,7,1,0
BRDA:117,8,0,0
BRDA:117,8,1,0
BRDA:145,9,0,0
BRDA:145,9,1,0
BRDA:145,10,0,0
BRDA:145,10,1,0
BRDA:154,11,0,0
BRDA:154,11,1,0
BRDA:225,12,0,0
BRDA:225,12,1,0
BRDA:230,13,0,0
BRDA:230,13,1,0
BRDA:246,14,0,0
BRDA:246,14,1,0
BRDA:262,15,0,0
BRDA:262,15,1,0
BRDA:262,16,0,0
BRDA:262,16,1,0
BRF:31
BRH:0
end_of_record
TN:
SF:src/core/NerfModel.ts
FN:33,(anonymous_0)
FN:45,(anonymous_1)
FN:75,(anonymous_2)
FN:135,(anonymous_3)
FN:145,(anonymous_4)
FN:196,(anonymous_5)
FN:203,(anonymous_6)
FN:210,(anonymous_7)
FN:217,(anonymous_8)
FN:224,(anonymous_9)
FN:239,(anonymous_10)
FN:246,(anonymous_11)
FN:253,(anonymous_12)
FN:260,(anonymous_13)
FN:268,(anonymous_14)
FN:284,(anonymous_15)
FN:300,(anonymous_16)
FN:348,(anonymous_17)
FNF:18
FNH:5
FNDA:653,(anonymous_0)
FNDA:0,(anonymous_1)
FNDA:652,(anonymous_2)
FNDA:0,(anonymous_3)
FNDA:652,(anonymous_4)
FNDA:51,(anonymous_5)
FNDA:0,(anonymous_6)
FNDA:0,(anonymous_7)
FNDA:0,(anonymous_8)
FNDA:0,(anonymous_9)
FNDA:0,(anonymous_10)
FNDA:0,(anonymous_11)
FNDA:2,(anonymous_12)
FNDA:0,(anonymous_13)
FNDA:0,(anonymous_14)
FNDA:0,(anonymous_15)
FNDA:0,(anonymous_16)
FNDA:0,(anonymous_17)
DA:26,2
DA:28,653
DA:29,653
DA:31,653
DA:34,653
DA:39,653
DA:46,0
DA:49,0
DA:51,0
DA:52,0
DA:53,0
DA:55,0
DA:57,0
DA:61,0
DA:62,0
DA:63,0
DA:65,0
DA:67,0
DA:68,0
DA:76,652
DA:77,652
DA:80,652
DA:81,652
DA:83,652
DA:88,652
DA:90,652
DA:91,652
DA:92,652
DA:93,652
DA:96,652
DA:100,652
DA:103,652
DA:104,652
DA:105,652
DA:106,652
DA:107,652
DA:108,652
DA:111,652
DA:112,652
DA:113,652
DA:115,652
DA:136,0
DA:137,0
DA:138,0
DA:139,0
DA:146,652
DA:147,652
DA:148,652
DA:151,652
DA:152,652
DA:155,652
DA:156,652
DA:157,652
DA:159,652
DA:160,652
DA:161,652
DA:162,652
DA:163,652
DA:165,652
DA:166,652
DA:167,652
DA:170,652
DA:171,652
DA:172,3912
DA:174,652
DA:177,652
DA:178,652
DA:179,652
DA:180,652
DA:183,652
DA:184,652
DA:185,652
DA:187,652
DA:188,652
DA:190,652
DA:197,51
DA:204,0
DA:211,0
DA:218,0
DA:226,0
DA:227,0
DA:228,0
DA:230,0
DA:240,0
DA:247,0
DA:254,2
DA:261,0
DA:262,0
DA:269,0
DA:271,0
DA:274,0
DA:285,0
DA:286,0
DA:288,0
DA:289,0
DA:290,0
DA:291,0
DA:294,0
DA:301,0
DA:303,0
DA:304,0
DA:305,0
DA:306,0
DA:309,0
DA:310,0
DA:311,0
DA:313,0
DA:314,0
DA:315,0
DA:316,0
DA:317,0
DA:319,0
DA:320,0
DA:321,0
DA:324,0
DA:325,0
DA:326,0
DA:327,0
DA:332,0
DA:333,0
DA:334,0
DA:335,0
DA:338,0
DA:339,0
DA:340,0
DA:342,0
DA:349,0
DA:350,0
LF:128
LH:60
BRDA:49,0,0,0
BRDA:49,0,1,0
BRDA:52,1,0,0
BRDA:52,1,1,0
BRDA:240,2,0,0
BRDA:240,2,1,0
BRDA:247,3,0,0
BRDA:247,3,1,0
BRDA:254,4,0,2
BRDA:254,4,1,1
BRDA:261,5,0,0
BRDA:261,5,1,0
BRDA:269,6,0,0
BRDA:269,6,1,0
BRDA:301,7,0,0
BRDA:301,7,1,0
BRF:16
BRH:2
end_of_record
TN:
SF:src/core/NerfScene.ts
FN:58,(anonymous_0)
FN:76,(anonymous_1)
FN:106,(anonymous_2)
FN:118,(anonymous_3)
FN:125,(anonymous_4)
FN:126,(anonymous_5)
FN:132,(anonymous_6)
FN:133,(anonymous_7)
FN:139,(anonymous_8)
FN:152,(anonymous_9)
FN:164,(anonymous_10)
FN:176,(anonymous_11)
FN:188,(anonymous_12)
FN:220,(anonymous_13)
FN:265,(anonymous_14)
FN:272,(anonymous_15)
FN:280,(anonymous_16)
FN:308,(anonymous_17)
FN:315,(anonymous_18)
FN:322,(anonymous_19)
FN:333,(anonymous_20)
FN:354,(anonymous_21)
FNF:22
FNH:6
FNDA:23,(anonymous_0)
FNDA:51,(anonymous_1)
FNDA:0,(anonymous_2)
FNDA:1,(anonymous_3)
FNDA:2,(anonymous_4)
FNDA:49,(anonymous_5)
FNDA:0,(anonymous_6)
FNDA:0,(anonymous_7)
FNDA:0,(anonymous_8)
FNDA:0,(anonymous_9)
FNDA:0,(anonymous_10)
FNDA:0,(anonymous_11)
FNDA:0,(anonymous_12)
FNDA:0,(anonymous_13)
FNDA:1,(anonymous_14)
FNDA:0,(anonymous_15)
FNDA:0,(anonymous_16)
FNDA:0,(anonymous_17)
FNDA:0,(anonymous_18)
FNDA:0,(anonymous_19)
FNDA:0,(anonymous_20)
FNDA:0,(anonymous_21)
DA:5,2
DA:52,2
DA:53,23
DA:55,23
DA:56,23
DA:59,23
DA:77,51
DA:78,0
DA:81,51
DA:96,51
DA:97,51
DA:98,51
DA:100,51
DA:107,0
DA:108,0
DA:109,0
DA:110,0
DA:112,0
DA:119,1
DA:126,49
DA:133,0
DA:140,0
DA:141,0
DA:143,0
DA:144,0
DA:145,0
DA:146,0
DA:153,0
DA:154,0
DA:156,0
DA:157,0
DA:158,0
DA:165,0
DA:166,0
DA:168,0
DA:169,0
DA:170,0
DA:177,0
DA:178,0
DA:180,0
DA:181,0
DA:182,0
DA:189,0
DA:190,0
DA:191,0
DA:194,0
DA:195,0
DA:196,0
DA:197,0
DA:198,0
DA:200,0
DA:201,0
DA:203,0
DA:204,0
DA:209,0
DA:210,0
DA:212,0
DA:213,0
DA:221,0
DA:240,0
DA:241,0
DA:246,0
DA:247,0
DA:252,0
DA:253,0
DA:258,0
DA:259,0
DA:266,1
DA:273,0
DA:274,0
DA:281,0
DA:282,0
DA:285,0
DA:286,0
DA:288,0
DA:289,0
DA:291,0
DA:292,0
DA:294,0
DA:295,0
DA:296,0
DA:297,0
DA:298,0
DA:299,0
DA:302,0
DA:309,0
DA:316,0
DA:323,0
DA:324,0
DA:325,0
DA:327,0
DA:334,0
DA:335,0
DA:336,0
DA:343,0
DA:344,0
DA:348,0
DA:355,0
DA:356,0
DA:358,0
DA:359,0
DA:360,0
LF:102
LH:15
BRDA:77,0,0,0
BRDA:77,0,1,51
BRDA:108,1,0,0
BRDA:108,1,1,0
BRDA:133,2,0,0
BRDA:133,2,1,0
BRDA:141,3,0,0
BRDA:141,3,1,0
BRDA:154,4,0,0
BRDA:154,4,1,0
BRDA:166,5,0,0
BRDA:166,5,1,0
BRDA:178,6,0,0
BRDA:178,6,1,0
BRDA:190,7,0,0
BRDA:190,7,1,0
BRDA:194,8,0,0
BRDA:194,8,1,0
BRDA:194,9,0,0
BRDA:194,9,1,0
BRDA:200,10,0,0
BRDA:200,10,1,0
BRDA:203,11,0,0
BRDA:203,11,1,0
BRDA:281,12,0,0
BRDA:281,12,1,0
BRDA:289,13,0,0
BRDA:289,13,1,0
BRDA:309,14,0,0
BRDA:309,14,1,0
BRDA:333,15,0,0
BRDA:343,16,0,0
BRDA:343,16,1,0
BRF:33
BRH:1
end_of_record
TN:
SF:src/core/RobustErrorHandler.ts
FN:6,(anonymous_0)
FN:13,(anonymous_1)
FN:51,(anonymous_2)
FN:59,(anonymous_3)
FN:97,(anonymous_4)
FN:107,(anonymous_5)
FN:121,(anonymous_6)
FN:137,(anonymous_7)
FN:145,(anonymous_8)
FN:147,(anonymous_9)
FN:171,(anonymous_10)
FN:191,(anonymous_11)
FN:197,(anonymous_12)
FN:215,(anonymous_13)
FN:238,(anonymous_14)
FN:272,(anonymous_15)
FN:297,(anonymous_16)
FN:305,(anonymous_17)
FN:307,(anonymous_18)
FN:313,(anonymous_19)
FN:316,(anonymous_20)
FN:327,(anonymous_21)
FN:335,(anonymous_22)
FN:346,(anonymous_23)
FN:355,(anonymous_24)
FNF:25
FNH:24
FNDA:1,(anonymous_0)
FNDA:1,(anonymous_1)
FNDA:9,(anonymous_2)
FNDA:16,(anonymous_3)
FNDA:39,(anonymous_4)
FNDA:4,(anonymous_5)
FNDA:7,(anonymous_6)
FNDA:10,(anonymous_7)
FNDA:9,(anonymous_8)
FNDA:2,(anonymous_9)
FNDA:4,(anonymous_10)
FNDA:1,(anonymous_11)
FNDA:0,(anonymous_12)
FNDA:6,(anonymous_13)
FNDA:15,(anonymous_14)
FNDA:16,(anonymous_15)
FNDA:16,(anonymous_16)
FNDA:16,(anonymous_17)
FNDA:16,(anonymous_18)
FNDA:4,(anonymous_19)
FNDA:10,(anonymous_20)
FNDA:2,(anonymous_21)
FNDA:4,(anonymous_22)
FNDA:1,(anonymous_23)
FNDA:6,(anonymous_24)
DA:6,1
DA:7,1
DA:8,1
DA:9,1
DA:10,1
DA:13,1
DA:14,1
DA:15,1
DA:16,1
DA:17,1
DA:18,1
DA:19,1
DA:20,1
DA:43,1
DA:44,9
DA:45,9
DA:46,9
DA:47,9
DA:48,9
DA:49,9
DA:52,9
DA:53,9
DA:65,16
DA:77,16
DA:78,16
DA:81,16
DA:84,16
DA:85,15
DA:88,1
DA:98,39
DA:99,38
DA:101,39
DA:113,4
DA:114,4
DA:116,4
DA:117,4
DA:120,4
DA:121,7
DA:124,4
DA:126,4
DA:138,10
DA:139,10
DA:147,9
DA:148,2
DA:150,2
DA:151,0
DA:155,2
DA:157,2
DA:163,0
DA:171,9
DA:172,4
DA:174,4
DA:176,4
DA:183,0
DA:191,9
DA:192,1
DA:194,1
DA:196,1
DA:197,0
DA:200,1
DA:207,0
DA:215,9
DA:216,6
DA:218,6
DA:220,6
DA:227,0
DA:239,15
DA:241,15
DA:242,0
DA:249,15
DA:250,16
DA:251,16
DA:252,16
DA:253,15
DA:254,15
DA:256,1
DA:259,0
DA:263,0
DA:273,16
DA:275,16
DA:277,3
DA:278,3
DA:280,10
DA:281,10
DA:283,2
DA:284,2
DA:286,1
DA:287,1
DA:288,1
DA:290,1
DA:298,16
DA:299,16
DA:306,16
DA:307,16
DA:314,4
DA:315,4
DA:316,10
DA:318,4
DA:319,3
DA:320,3
DA:321,2
DA:329,2
DA:337,4
DA:338,4
DA:339,4
DA:340,4
DA:347,1
DA:348,1
DA:349,1
DA:357,6
DA:361,1
LF:111
LH:102
BRDA:6,0,0,1
BRDA:6,0,1,1
BRDA:13,1,0,1
BRDA:13,1,1,1
BRDA:51,2,0,0
BRDA:63,3,0,12
BRDA:84,4,0,15
BRDA:84,4,1,1
BRDA:98,5,0,38
BRDA:98,5,1,1
BRDA:150,6,0,0
BRDA:150,6,1,2
BRDA:194,7,0,1
BRDA:194,7,1,0
BRDA:196,8,0,0
BRDA:196,8,1,1
BRDA:204,9,0,1
BRDA:204,9,1,0
BRDA:239,10,0,15
BRDA:239,10,1,0
BRDA:241,11,0,0
BRDA:241,11,1,15
BRDA:252,12,0,15
BRDA:252,12,1,1
BRDA:275,13,0,3
BRDA:275,13,1,10
BRDA:275,13,2,2
BRDA:275,13,3,1
BRDA:287,14,0,1
BRDA:287,14,1,0
BRDA:298,15,0,16
BRDA:298,15,1,10
BRDA:306,16,0,16
BRDA:306,16,1,1
BRDA:318,17,0,1
BRDA:318,17,1,3
BRDA:319,18,0,0
BRDA:319,18,1,3
BRDA:319,19,0,3
BRDA:319,19,1,3
BRDA:320,20,0,1
BRDA:320,20,1,2
BRDA:320,21,0,3
BRDA:320,21,1,2
BRF:44
BRH:35
end_of_record
TN:
SF:src/core/RobustNerfManager.ts
FN:69,(anonymous_0)
FN:100,(anonymous_1)
FN:118,(anonymous_2)
FN:119,(anonymous_3)
FN:128,(anonymous_4)
FN:144,(anonymous_5)
FN:145,(anonymous_6)
FN:150,(anonymous_7)
FN:165,(anonymous_8)
FN:166,(anonymous_9)
FN:195,(anonymous_10)
FN:203,(anonymous_11)
FN:211,(anonymous_12)
FN:230,(anonymous_13)
FN:231,(anonymous_14)
FN:259,(anonymous_15)
FN:314,(anonymous_16)
FN:321,(anonymous_17)
FN:322,(anonymous_18)
FN:330,(anonymous_19)
FN:361,(anonymous_20)
FN:390,(anonymous_21)
FN:400,(anonymous_22)
FN:407,(anonymous_23)
FN:423,(anonymous_24)
FN:440,(anonymous_25)
FN:441,(anonymous_26)
FN:446,(anonymous_27)
FN:483,(anonymous_28)
FN:512,(anonymous_29)
FN:545,(anonymous_30)
FN:575,(anonymous_31)
FN:587,(anonymous_32)
FN:591,(anonymous_33)
FN:596,(anonymous_34)
FN:609,(anonymous_35)
FN:621,(anonymous_36)
FN:627,(anonymous_37)
FN:642,(anonymous_38)
FN:643,(anonymous_39)
FN:646,(anonymous_40)
FN:652,(anonymous_41)
FN:658,(anonymous_42)
FN:664,(anonymous_43)
FN:669,(anonymous_44)
FN:674,(anonymous_45)
FN:680,(anonymous_46)
FN:681,(anonymous_47)
FN:689,(anonymous_48)
FNF:49
FNH:0
FNDA:0,(anonymous_0)
FNDA:0,(anonymous_1)
FNDA:0,(anonymous_2)
FNDA:0,(anonymous_3)
FNDA:0,(anonymous_4)
FNDA:0,(anonymous_5)
FNDA:0,(anonymous_6)
FNDA:0,(anonymous_7)
FNDA:0,(anonymous_8)
FNDA:0,(anonymous_9)
FNDA:0,(anonymous_10)
FNDA:0,(anonymous_11)
FNDA:0,(anonymous_12)
FNDA:0,(anonymous_13)
FNDA:0,(anonymous_14)
FNDA:0,(anonymous_15)
FNDA:0,(anonymous_16)
FNDA:0,(anonymous_17)
FNDA:0,(anonymous_18)
FNDA:0,(anonymous_19)
FNDA:0,(anonymous_20)
FNDA:0,(anonymous_21)
FNDA:0,(anonymous_22)
FNDA:0,(anonymous_23)
FNDA:0,(anonymous_24)
FNDA:0,(anonymous_25)
FNDA:0,(anonymous_26)
FNDA:0,(anonymous_27)
FNDA:0,(anonymous_28)
FNDA:0,(anonymous_29)
FNDA:0,(anonymous_30)
FNDA:0,(anonymous_31)
FNDA:0,(anonymous_32)
FNDA:0,(anonymous_33)
FNDA:0,(anonymous_34)
FNDA:0,(anonymous_35)
FNDA:0,(anonymous_36)
FNDA:0,(anonymous_37)
FNDA:0,(anonymous_38)
FNDA:0,(anonymous_39)
FNDA:0,(anonymous_40)
FNDA:0,(anonymous_41)
FNDA:0,(anonymous_42)
FNDA:0,(anonymous_43)
FNDA:0,(anonymous_44)
FNDA:0,(anonymous_45)
FNDA:0,(anonymous_46)
FNDA:0,(anonymous_47)
FNDA:0,(anonymous_48)
DA:7,0
DA:9,0
DA:51,0
DA:57,0
DA:59,0
DA:62,0
DA:63,0
DA:66,0
DA:67,0
DA:70,0
DA:71,0
DA:73,0
DA:84,0
DA:94,0
DA:101,0
DA:102,0
DA:105,0
DA:106,0
DA:110,0
DA:112,0
DA:119,0
DA:121,0
DA:124,0
DA:127,0
DA:129,0
DA:130,0
DA:131,0
DA:137,0
DA:145,0
DA:147,0
DA:150,0
DA:151,0
DA:155,0
DA:157,0
DA:158,0
DA:166,0
DA:168,0
DA:171,0
DA:172,0
DA:181,0
DA:182,0
DA:185,0
DA:188,0
DA:196,0
DA:197,0
DA:210,0
DA:211,0
DA:231,0
DA:232,0
DA:235,0
DA:238,0
DA:239,0
DA:243,0
DA:244,0
DA:245,0
DA:248,0
DA:250,0
DA:263,0
DA:264,0
DA:265,0
DA:268,0
DA:269,0
DA:271,0
DA:272,0
DA:274,0
DA:283,0
DA:284,0
DA:287,0
DA:288,0
DA:289,0
DA:292,0
DA:297,0
DA:304,0
DA:305,0
DA:308,0
DA:319,0
DA:322,0
DA:334,0
DA:335,0
DA:337,0
DA:338,0
DA:339,0
DA:340,0
DA:341,0
DA:344,0
DA:345,0
DA:347,0
DA:348,0
DA:351,0
DA:355,0
DA:362,0
DA:365,0
DA:366,0
DA:367,0
DA:371,0
DA:372,0
DA:373,0
DA:377,0
DA:378,0
DA:379,0
DA:383,0
DA:384,0
DA:391,0
DA:392,0
DA:395,0
DA:396,0
DA:397,0
DA:400,0
DA:401,0
DA:402,0
DA:408,0
DA:409,0
DA:412,0
DA:413,0
DA:414,0
DA:417,0
DA:418,0
DA:419,0
DA:424,0
DA:425,0
DA:428,0
DA:429,0
DA:432,0
DA:433,0
DA:441,0
DA:442,0
DA:447,0
DA:448,0
DA:451,0
DA:452,0
DA:453,0
DA:454,0
DA:458,0
DA:459,0
DA:460,0
DA:461,0
DA:465,0
DA:466,0
DA:467,0
DA:468,0
DA:472,0
DA:484,0
DA:485,0
DA:487,0
DA:488,0
DA:490,0
DA:491,0
DA:492,0
DA:495,0
DA:496,0
DA:497,0
DA:501,0
DA:502,0
DA:505,0
DA:513,0
DA:514,0
DA:516,0
DA:517,0
DA:519,0
DA:520,0
DA:521,0
DA:524,0
DA:525,0
DA:526,0
DA:530,0
DA:531,0
DA:532,0
DA:533,0
DA:534,0
DA:538,0
DA:546,0
DA:547,0
DA:549,0
DA:550,0
DA:552,0
DA:553,0
DA:556,0
DA:557,0
DA:558,0
DA:561,0
DA:562,0
DA:563,0
DA:566,0
DA:576,0
DA:578,0
DA:579,0
DA:581,0
DA:582,0
DA:588,0
DA:593,0
DA:597,0
DA:600,0
DA:601,0
DA:604,0
DA:605,0
DA:611,0
DA:612,0
DA:616,0
DA:617,0
DA:618,0
DA:622,0
DA:624,0
DA:628,0
DA:635,0
DA:636,0
DA:639,0
DA:643,0
DA:647,0
DA:649,0
DA:653,0
DA:655,0
DA:659,0
DA:660,0
DA:661,0
DA:665,0
DA:666,0
DA:670,0
DA:671,0
DA:675,0
DA:677,0
DA:678,0
DA:680,0
DA:681,0
DA:683,0
DA:690,0
DA:691,0
DA:692,0
DA:695,0
DA:697,0
LF:229
LH:0
BRDA:69,0,0,0
BRDA:101,1,0,0
BRDA:101,1,1,0
BRDA:105,2,0,0
BRDA:105,2,1,0
BRDA:152,3,0,0
BRDA:152,3,1,0
BRDA:238,4,0,0
BRDA:238,4,1,0
BRDA:287,5,0,0
BRDA:287,5,1,0
BRDA:287,6,0,0
BRDA:287,6,1,0
BRDA:304,7,0,0
BRDA:304,7,1,0
BRDA:347,8,0,0
BRDA:347,8,1,0
BRDA:365,9,0,0
BRDA:365,9,1,0
BRDA:365,10,0,0
BRDA:365,10,1,0
BRDA:371,11,0,0
BRDA:371,11,1,0
BRDA:371,12,0,0
BRDA:371,12,1,0
BRDA:377,13,0,0
BRDA:377,13,1,0
BRDA:377,14,0,0
BRDA:377,14,1,0
BRDA:391,15,0,0
BRDA:391,15,1,0
BRDA:396,16,0,0
BRDA:396,16,1,0
BRDA:401,17,0,0
BRDA:401,17,1,0
BRDA:408,18,0,0
BRDA:408,18,1,0
BRDA:413,19,0,0
BRDA:413,19,1,0
BRDA:413,20,0,0
BRDA:413,20,1,0
BRDA:418,21,0,0
BRDA:418,21,1,0
BRDA:424,22,0,0
BRDA:424,22,1,0
BRDA:424,23,0,0
BRDA:424,23,1,0
BRDA:428,24,0,0
BRDA:428,24,1,0
BRDA:428,25,0,0
BRDA:428,25,1,0
BRDA:432,26,0,0
BRDA:432,26,1,0
BRDA:432,27,0,0
BRDA:432,27,1,0
BRDA:452,28,0,0
BRDA:452,28,1,0
BRDA:459,29,0,0
BRDA:459,29,1,0
BRDA:466,30,0,0
BRDA:466,30,1,0
BRDA:473,31,0,0
BRDA:473,31,1,0
BRDA:473,32,0,0
BRDA:473,32,1,0
BRDA:490,33,0,0
BRDA:490,33,1,0
BRDA:495,34,0,0
BRDA:495,34,1,0
BRDA:495,35,0,0
BRDA:495,35,1,0
BRDA:506,36,0,0
BRDA:506,36,1,0
BRDA:506,37,0,0
BRDA:506,37,1,0
BRDA:520,38,0,0
BRDA:520,38,1,0
BRDA:524,39,0,0
BRDA:524,39,1,0
BRDA:530,40,0,0
BRDA:530,40,1,0
BRDA:532,41,0,0
BRDA:532,41,1,0
BRDA:539,42,0,0
BRDA:539,42,1,0
BRDA:539,43,0,0
BRDA:539,43,1,0
BRDA:552,44,0,0
BRDA:552,44,1,0
BRDA:556,45,0,0
BRDA:556,45,1,0
BRDA:561,46,0,0
BRDA:561,46,1,0
BRDA:567,47,0,0
BRDA:567,47,1,0
BRDA:567,48,0,0
BRDA:567,48,1,0
BRDA:578,49,0,0
BRDA:578,49,1,0
BRDA:581,50,0,0
BRDA:581,50,1,0
BRDA:600,51,0,0
BRDA:600,51,1,0
BRDA:604,52,0,0
BRDA:604,52,1,0
BRDA:611,53,0,0
BRDA:611,53,1,0
BRDA:635,54,0,0
BRDA:635,54,1,0
BRDA:675,55,0,0
BRDA:675,55,1,0
BRDA:690,56,0,0
BRDA:690,56,1,0
BRF:113
BRH:0
end_of_record
TN:
SF:src/core/RobustValidator.ts
FN:24,(anonymous_0)
FN:28,(anonymous_1)
FN:38,(anonymous_2)
FN:93,(anonymous_3)
FN:151,(anonymous_4)
FN:203,(anonymous_5)
FN:241,(anonymous_6)
FN:245,(anonymous_7)
FN:251,(anonymous_8)
FN:264,(anonymous_9)
FN:272,(anonymous_10)
FN:280,(anonymous_11)
FN:284,(anonymous_12)
FN:287,(anonymous_13)
FN:290,(anonymous_14)
FN:294,(anonymous_15)
FN:298,(anonymous_16)
FN:301,(anonymous_17)
FN:304,(anonymous_18)
FN:307,(anonymous_19)
FN:310,(anonymous_20)
FN:314,(anonymous_21)
FN:318,(anonymous_22)
FN:325,(anonymous_23)
FN:336,(anonymous_24)
FNF:25
FNH:22
FNDA:23,(anonymous_0)
FNDA:2,(anonymous_1)
FNDA:6,(anonymous_2)
FNDA:6,(anonymous_3)
FNDA:4,(anonymous_4)
FNDA:5,(anonymous_5)
FNDA:23,(anonymous_6)
FNDA:0,(anonymous_7)
FNDA:0,(anonymous_8)
FNDA:0,(anonymous_9)
FNDA:69,(anonymous_10)
FNDA:3,(anonymous_11)
FNDA:3,(anonymous_12)
FNDA:4,(anonymous_13)
FNDA:1,(anonymous_14)
FNDA:2,(anonymous_15)
FNDA:6,(anonymous_16)
FNDA:15,(anonymous_17)
FNDA:6,(anonymous_18)
FNDA:24,(anonymous_19)
FNDA:6,(anonymous_20)
FNDA:82,(anonymous_21)
FNDA:2,(anonymous_22)
FNDA:6,(anonymous_23)
FNDA:4,(anonymous_24)
DA:20,1
DA:22,23
DA:25,23
DA:29,2
DA:30,1
DA:32,2
DA:39,6
DA:40,6
DA:41,6
DA:43,6
DA:45,6
DA:46,3
DA:47,1
DA:48,2
DA:49,1
DA:54,6
DA:55,3
DA:56,1
DA:58,2
DA:63,6
DA:64,1
DA:65,0
DA:66,1
DA:67,0
DA:72,6
DA:73,2
DA:74,1
DA:79,0
DA:82,6
DA:94,6
DA:95,6
DA:96,6
DA:98,6
DA:100,6
DA:101,1
DA:105,6
DA:106,0
DA:108,6
DA:112,6
DA:113,1
DA:117,6
DA:118,0
DA:121,6
DA:122,0
DA:125,6
DA:126,6
DA:127,1
DA:130,6
DA:131,6
DA:132,1
DA:137,0
DA:140,6
DA:157,4
DA:159,4
DA:160,0
DA:161,0
DA:162,0
DA:164,0
DA:168,0
DA:169,0
DA:171,0
DA:172,0
DA:177,4
DA:180,4
DA:181,1
DA:184,4
DA:185,2
DA:189,4
DA:190,1
DA:193,4
DA:208,5
DA:210,5
DA:211,2
DA:212,2
DA:215,3
DA:218,3
DA:219,1
DA:223,3
DA:224,0
DA:227,3
DA:228,1
DA:231,3
DA:243,23
DA:245,0
DA:249,23
DA:252,0
DA:253,0
DA:254,0
DA:256,0
DA:262,23
DA:264,0
DA:273,69
DA:274,69
DA:276,69
DA:281,3
DA:285,3
DA:287,4
DA:291,1
DA:295,2
DA:299,6
DA:301,15
DA:305,6
DA:307,24
DA:311,6
DA:315,82
DA:319,2
DA:326,6
DA:327,6
DA:329,6
DA:330,0
DA:333,6
DA:338,4
DA:345,1
LF:113
LH:90
BRDA:29,0,0,1
BRDA:29,0,1,1
BRDA:45,1,0,3
BRDA:45,1,1,3
BRDA:46,2,0,1
BRDA:46,2,1,2
BRDA:48,3,0,1
BRDA:48,3,1,1
BRDA:54,4,0,3
BRDA:54,4,1,3
BRDA:55,5,0,1
BRDA:55,5,1,2
BRDA:63,6,0,1
BRDA:63,6,1,5
BRDA:64,7,0,0
BRDA:64,7,1,1
BRDA:66,8,0,0
BRDA:66,8,1,1
BRDA:72,9,0,2
BRDA:72,9,1,4
BRDA:73,10,0,1
BRDA:73,10,1,1
BRDA:85,11,0,1
BRDA:85,11,1,5
BRDA:86,12,0,3
BRDA:86,12,1,3
BRDA:100,13,0,1
BRDA:100,13,1,5
BRDA:105,14,0,0
BRDA:105,14,1,6
BRDA:112,15,0,1
BRDA:112,15,1,5
BRDA:117,16,0,0
BRDA:117,16,1,6
BRDA:117,17,0,6
BRDA:117,17,1,6
BRDA:121,18,0,0
BRDA:121,18,1,6
BRDA:121,19,0,6
BRDA:121,19,1,6
BRDA:125,20,0,6
BRDA:125,20,1,0
BRDA:125,21,0,6
BRDA:125,21,1,6
BRDA:126,22,0,1
BRDA:126,22,1,5
BRDA:131,23,0,1
BRDA:131,23,1,5
BRDA:143,24,0,1
BRDA:143,24,1,5
BRDA:144,25,0,3
BRDA:144,25,1,3
BRDA:151,26,0,0
BRDA:159,27,0,0
BRDA:159,27,1,4
BRDA:160,28,0,0
BRDA:160,28,1,0
BRDA:160,29,0,0
BRDA:160,29,1,0
BRDA:161,30,0,0
BRDA:161,30,1,0
BRDA:164,31,0,0
BRDA:164,31,1,0
BRDA:180,32,0,1
BRDA:180,32,1,3
BRDA:180,33,0,4
BRDA:180,33,1,1
BRDA:184,34,0,2
BRDA:184,34,1,2
BRDA:184,35,0,4
BRDA:184,35,1,2
BRDA:189,36,0,1
BRDA:189,36,1,3
BRDA:189,37,0,4
BRDA:189,37,1,1
BRDA:196,38,0,2
BRDA:196,38,1,2
BRDA:203,39,0,3
BRDA:210,40,0,2
BRDA:210,40,1,3
BRDA:218,41,0,1
BRDA:218,41,1,2
BRDA:218,42,0,3
BRDA:218,42,1,1
BRDA:223,43,0,0
BRDA:223,43,1,3
BRDA:223,44,0,3
BRDA:223,44,1,1
BRDA:227,45,0,1
BRDA:227,45,1,2
BRDA:227,46,0,3
BRDA:227,46,1,1
BRDA:234,47,0,2
BRDA:234,47,1,1
BRDA:264,48,0,0
BRDA:264,48,1,0
BRDA:264,48,2,0
BRDA:273,49,0,69
BRDA:273,49,1,0
BRDA:281,50,0,3
BRDA:281,50,1,3
BRDA:281,50,2,2
BRDA:285,51,0,3
BRDA:285,51,1,3
BRDA:285,51,2,2
BRDA:287,52,0,4
BRDA:287,52,1,4
BRDA:287,52,2,4
BRDA:291,53,0,1
BRDA:291,53,1,1
BRDA:291,53,2,1
BRDA:299,54,0,6
BRDA:299,54,1,6
BRDA:299,54,2,5
BRDA:305,55,0,6
BRDA:305,55,1,6
BRDA:305,55,2,6
BRDA:311,56,0,6
BRDA:311,56,1,6
BRDA:311,56,2,6
BRDA:315,57,0,82
BRDA:315,57,1,81
BRDA:315,57,2,80
BRDA:329,58,0,0
BRDA:329,58,1,6
BRF:125
BRH:103
end_of_record
TN:
SF:src/core/ValidationSystem.ts
FN:15,(anonymous_0)
FN:115,(anonymous_1)
FN:124,(anonymous_2)
FN:169,(anonymous_3)
FN:187,(anonymous_4)
FN:262,(anonymous_5)
FN:290,(anonymous_6)
FN:297,(anonymous_7)
FN:311,(anonymous_8)
FN:312,(anonymous_9)
FN:326,(anonymous_10)
FN:371,(anonymous_11)
FN:412,(anonymous_12)
FN:463,(anonymous_13)
FN:496,(anonymous_14)
FN:528,(anonymous_15)
FN:571,(anonymous_16)
FN:595,(anonymous_17)
FN:620,(anonymous_18)
FN:625,(anonymous_19)
FN:646,(anonymous_20)
FN:656,(anonymous_21)
FN:661,(anonymous_22)
FN:665,(anonymous_23)
FN:669,(anonymous_24)
FN:674,(anonymous_25)
FN:679,(anonymous_26)
FN:685,(anonymous_27)
FN:702,(anonymous_28)
FN:710,(anonymous_29)
FN:721,(anonymous_30)
FN:726,(anonymous_31)
FN:730,(anonymous_32)
FN:735,(anonymous_33)
FN:739,(anonymous_34)
FN:757,(anonymous_35)
FNF:36
FNH:0
FNDA:0,(anonymous_0)
FNDA:0,(anonymous_1)
FNDA:0,(anonymous_2)
FNDA:0,(anonymous_3)
FNDA:0,(anonymous_4)
FNDA:0,(anonymous_5)
FNDA:0,(anonymous_6)
FNDA:0,(anonymous_7)
FNDA:0,(anonymous_8)
FNDA:0,(anonymous_9)
FNDA:0,(anonymous_10)
FNDA:0,(anonymous_11)
FNDA:0,(anonymous_12)
FNDA:0,(anonymous_13)
FNDA:0,(anonymous_14)
FNDA:0,(anonymous_15)
FNDA:0,(anonymous_16)
FNDA:0,(anonymous_17)
FNDA:0,(anonymous_18)
FNDA:0,(anonymous_19)
FNDA:0,(anonymous_20)
FNDA:0,(anonymous_21)
FNDA:0,(anonymous_22)
FNDA:0,(anonymous_23)
FNDA:0,(anonymous_24)
FNDA:0,(anonymous_25)
FNDA:0,(anonymous_26)
FNDA:0,(anonymous_27)
FNDA:0,(anonymous_28)
FNDA:0,(anonymous_29)
FNDA:0,(anonymous_30)
FNDA:0,(anonymous_31)
FNDA:0,(anonymous_32)
FNDA:0,(anonymous_33)
FNDA:0,(anonymous_34)
FNDA:0,(anonymous_35)
DA:13,0
DA:15,0
DA:16,0
DA:17,0
DA:18,0
DA:19,0
DA:20,0
DA:21,0
DA:22,0
DA:108,0
DA:109,0
DA:111,0
DA:112,0
DA:113,0
DA:116,0
DA:117,0
DA:118,0
DA:125,0
DA:127,0
DA:130,0
DA:133,0
DA:136,0
DA:139,0
DA:142,0
DA:144,0
DA:147,0
DA:148,0
DA:149,0
DA:153,0
DA:154,0
DA:162,0
DA:163,0
DA:170,0
DA:173,0
DA:176,0
DA:179,0
DA:181,0
DA:192,0
DA:193,0
DA:196,0
DA:197,0
DA:204,0
DA:205,0
DA:214,0
DA:215,0
DA:225,0
DA:226,0
DA:236,0
DA:237,0
DA:245,0
DA:263,0
DA:265,0
DA:275,0
DA:277,0
DA:284,0
DA:297,0
DA:298,0
DA:303,0
DA:304,0
DA:305,0
DA:306,0
DA:310,0
DA:311,0
DA:312,0
DA:315,0
DA:327,0
DA:328,0
DA:331,0
DA:332,0
DA:342,0
DA:343,0
DA:344,0
DA:354,0
DA:355,0
DA:363,0
DA:372,0
DA:373,0
DA:376,0
DA:377,0
DA:379,0
DA:380,0
DA:389,0
DA:390,0
DA:398,0
DA:413,0
DA:414,0
DA:416,0
DA:417,0
DA:420,0
DA:423,0
DA:424,0
DA:433,0
DA:434,0
DA:444,0
DA:445,0
DA:446,0
DA:455,0
DA:464,0
DA:465,0
DA:467,0
DA:469,0
DA:470,0
DA:479,0
DA:480,0
DA:488,0
DA:497,0
DA:498,0
DA:501,0
DA:502,0
DA:511,0
DA:512,0
DA:520,0
DA:529,0
DA:530,0
DA:533,0
DA:534,0
DA:544,0
DA:545,0
DA:553,0
DA:554,0
DA:563,0
DA:572,0
DA:575,0
DA:576,0
DA:578,0
DA:579,0
DA:587,0
DA:596,0
DA:599,0
DA:601,0
DA:603,0
DA:604,0
DA:612,0
DA:622,0
DA:626,0
DA:627,0
DA:628,0
DA:630,0
DA:631,0
DA:632,0
DA:633,0
DA:636,0
DA:647,0
DA:648,0
DA:649,0
DA:650,0
DA:652,0
DA:658,0
DA:662,0
DA:666,0
DA:671,0
DA:676,0
DA:680,0
DA:686,0
DA:687,0
DA:690,0
DA:691,0
DA:692,0
DA:693,0
DA:696,0
DA:699,0
DA:703,0
DA:704,0
DA:705,0
DA:707,0
DA:711,0
DA:712,0
DA:713,0
DA:715,0
DA:718,0
DA:722,0
DA:723,0
DA:727,0
DA:732,0
DA:736,0
DA:740,0
DA:742,0
DA:743,0
DA:746,0
DA:747,0
DA:750,0
DA:751,0
DA:754,0
DA:758,0
DA:760,0
DA:761,0
DA:764,0
DA:765,0
DA:768,0
LF:189
LH:0
BRDA:15,0,0,0
BRDA:15,0,1,0
BRDA:148,1,0,0
BRDA:148,1,1,0
BRDA:162,2,0,0
BRDA:162,2,1,0
BRDA:189,3,0,0
BRDA:196,4,0,0
BRDA:196,4,1,0
BRDA:204,5,0,0
BRDA:204,5,1,0
BRDA:214,6,0,0
BRDA:214,6,1,0
BRDA:225,7,0,0
BRDA:225,7,1,0
BRDA:236,8,0,0
BRDA:236,8,1,0
BRDA:298,9,0,0
BRDA:298,9,1,0
BRDA:306,10,0,0
BRDA:306,10,1,0
BRDA:331,11,0,0
BRDA:331,11,1,0
BRDA:331,12,0,0
BRDA:331,12,1,0
BRDA:343,13,0,0
BRDA:343,13,1,0
BRDA:343,14,0,0
BRDA:343,14,1,0
BRDA:343,14,2,0
BRDA:343,14,3,0
BRDA:354,15,0,0
BRDA:354,15,1,0
BRDA:354,16,0,0
BRDA:354,16,1,0
BRDA:379,17,0,0
BRDA:379,17,1,0
BRDA:389,18,0,0
BRDA:389,18,1,0
BRDA:389,19,0,0
BRDA:389,19,1,0
BRDA:416,20,0,0
BRDA:416,20,1,0
BRDA:423,21,0,0
BRDA:423,21,1,0
BRDA:433,22,0,0
BRDA:433,22,1,0
BRDA:445,23,0,0
BRDA:445,23,1,0
BRDA:469,24,0,0
BRDA:469,24,1,0
BRDA:479,25,0,0
BRDA:479,25,1,0
BRDA:479,26,0,0
BRDA:479,26,1,0
BRDA:501,27,0,0
BRDA:501,27,1,0
BRDA:501,28,0,0
BRDA:501,28,1,0
BRDA:501,28,2,0
BRDA:511,29,0,0
BRDA:511,29,1,0
BRDA:511,30,0,0
BRDA:511,30,1,0
BRDA:533,31,0,0
BRDA:533,31,1,0
BRDA:533,32,0,0
BRDA:533,32,1,0
BRDA:544,33,0,0
BRDA:544,33,1,0
BRDA:553,34,0,0
BRDA:553,34,1,0
BRDA:578,35,0,0
BRDA:578,35,1,0
BRDA:599,36,0,0
BRDA:599,36,1,0
BRDA:600,37,0,0
BRDA:600,37,1,0
BRDA:603,38,0,0
BRDA:603,38,1,0
BRDA:648,39,0,0
BRDA:648,39,1,0
BRDA:691,40,0,0
BRDA:691,40,1,0
BRDA:692,41,0,0
BRDA:692,41,1,0
BRDA:693,42,0,0
BRDA:693,42,1,0
BRDA:696,43,0,0
BRDA:696,43,1,0
BRDA:697,44,0,0
BRDA:697,44,1,0
BRDA:715,45,0,0
BRDA:715,45,1,0
BRDA:716,46,0,0
BRDA:716,46,1,0
BRDA:742,47,0,0
BRDA:742,47,1,0
BRDA:746,48,0,0
BRDA:746,48,1,0
BRDA:750,49,0,0
BRDA:750,49,1,0
BRDA:760,50,0,0
BRDA:760,50,1,0
BRDA:764,51,0,0
BRDA:764,51,1,0
BRF:106
BRH:0
end_of_record
TN:
SF:src/database/CacheManager.ts
FN:43,(anonymous_0)
FN:75,(anonymous_1)
FN:129,(anonymous_2)
FN:163,(anonymous_3)
FN:170,(anonymous_4)
FN:183,(anonymous_5)
FN:193,(anonymous_6)
FN:197,(anonymous_7)
FN:211,(anonymous_8)
FN:218,(anonymous_9)
FN:225,(anonymous_10)
FN:239,(anonymous_11)
FN:246,(anonymous_12)
FN:249,(anonymous_13)
FN:270,(anonymous_14)
FN:291,(anonymous_15)
FN:296,(anonymous_16)
FN:310,(anonymous_17)
FN:324,(anonymous_18)
FN:349,(anonymous_19)
FN:363,(anonymous_20)
FN:377,(anonymous_21)
FN:391,(anonymous_22)
FN:414,(anonymous_23)
FN:425,(anonymous_24)
FN:441,(anonymous_25)
FN:448,(anonymous_26)
FN:480,(anonymous_27)
FN:485,(anonymous_28)
FN:488,(anonymous_29)
FN:492,(anonymous_30)
FN:515,(anonymous_31)
FN:520,(anonymous_32)
FN:523,(anonymous_33)
FN:527,(anonymous_34)
FN:553,(anonymous_35)
FNF:36
FNH:0
FNDA:0,(anonymous_0)
FNDA:0,(anonymous_1)
FNDA:0,(anonymous_2)
FNDA:0,(anonymous_3)
FNDA:0,(anonymous_4)
FNDA:0,(anonymous_5)
FNDA:0,(anonymous_6)
FNDA:0,(anonymous_7)
FNDA:0,(anonymous_8)
FNDA:0,(anonymous_9)
FNDA:0,(anonymous_10)
FNDA:0,(anonymous_11)
FNDA:0,(anonymous_12)
FNDA:0,(anonymous_13)
FNDA:0,(anonymous_14)
FNDA:0,(anonymous_15)
FNDA:0,(anonymous_16)
FNDA:0,(anonymous_17)
FNDA:0,(anonymous_18)
FNDA:0,(anonymous_19)
FNDA:0,(anonymous_20)
FNDA:0,(anonymous_21)
FNDA:0,(anonymous_22)
FNDA:0,(anonymous_23)
FNDA:0,(anonymous_24)
FNDA:0,(anonymous_25)
FNDA:0,(anonymous_26)
FNDA:0,(anonymous_27)
FNDA:0,(anonymous_28)
FNDA:0,(anonymous_29)
FNDA:0,(anonymous_30)
FNDA:0,(anonymous_31)
FNDA:0,(anonymous_32)
FNDA:0,(anonymous_33)
FNDA:0,(anonymous_34)
FNDA:0,(anonymous_35)
DA:37,0
DA:38,0
DA:41,0
DA:44,0
DA:53,0
DA:65,0
DA:66,0
DA:69,0
DA:85,0
DA:86,0
DA:88,0
DA:91,0
DA:92,0
DA:93,0
DA:95,0
DA:99,0
DA:110,0
DA:113,0
DA:114,0
DA:115,0
DA:119,0
DA:120,0
DA:121,0
DA:123,0
DA:130,0
DA:132,0
DA:134,0
DA:135,0
DA:136,0
DA:137,0
DA:141,0
DA:142,0
DA:144,0
DA:145,0
DA:148,0
DA:149,0
DA:150,0
DA:151,0
DA:153,0
DA:157,0
DA:164,0
DA:171,0
DA:172,0
DA:173,0
DA:174,0
DA:175,0
DA:177,0
DA:184,0
DA:185,0
DA:186,0
DA:187,0
DA:194,0
DA:196,0
DA:197,0
DA:198,0
DA:199,0
DA:200,0
DA:204,0
DA:205,0
DA:212,0
DA:219,0
DA:226,0
DA:229,0
DA:230,0
DA:233,0
DA:240,0
DA:247,0
DA:249,0
DA:250,0
DA:252,0
DA:254,0
DA:256,0
DA:258,0
DA:260,0
DA:264,0
DA:271,0
DA:273,0
DA:274,0
DA:278,0
DA:279,0
DA:282,0
DA:285,0
DA:292,0
DA:293,0
DA:294,0
DA:296,0
DA:302,0
DA:304,0
DA:311,0
DA:312,0
DA:313,0
DA:316,0
DA:320,0
DA:325,0
DA:329,0
DA:331,0
DA:332,0
DA:334,0
DA:335,0
DA:337,0
DA:338,0
DA:341,0
DA:342,0
DA:345,0
DA:346,0
DA:350,0
DA:351,0
DA:353,0
DA:354,0
DA:355,0
DA:356,0
DA:360,0
DA:364,0
DA:365,0
DA:367,0
DA:368,0
DA:369,0
DA:370,0
DA:374,0
DA:378,0
DA:379,0
DA:381,0
DA:382,0
DA:383,0
DA:384,0
DA:388,0
DA:393,0
DA:394,0
DA:395,0
DA:397,0
DA:398,0
DA:399,0
DA:400,0
DA:403,0
DA:405,0
DA:406,0
DA:407,0
DA:411,0
DA:416,0
DA:421,0
DA:427,0
DA:428,0
DA:429,0
DA:430,0
DA:431,0
DA:432,0
DA:433,0
DA:435,0
DA:437,0
DA:442,0
DA:443,0
DA:444,0
DA:450,0
DA:470,0
DA:471,0
DA:472,0
DA:473,0
DA:475,0
DA:476,0
DA:481,0
DA:482,0
DA:485,0
DA:486,0
DA:488,0
DA:489,0
DA:492,0
DA:493,0
DA:494,0
DA:495,0
DA:497,0
DA:498,0
DA:500,0
DA:505,0
DA:506,0
DA:507,0
DA:510,0
DA:511,0
DA:516,0
DA:517,0
DA:520,0
DA:521,0
DA:523,0
DA:524,0
DA:527,0
DA:528,0
DA:529,0
DA:530,0
DA:532,0
DA:533,0
DA:535,0
DA:540,0
DA:541,0
DA:542,0
DA:545,0
DA:546,0
DA:554,0
DA:556,0
DA:557,0
DA:558,0
DA:561,0
LF:200
LH:0
BRDA:43,0,0,0
BRDA:65,1,0,0
BRDA:65,1,1,0
BRDA:65,2,0,0
BRDA:65,2,1,0
BRDA:78,3,0,0
BRDA:91,4,0,0
BRDA:91,4,1,0
BRDA:91,5,0,0
BRDA:91,5,1,0
BRDA:91,5,2,0
BRDA:105,6,0,0
BRDA:105,6,1,0
BRDA:106,7,0,0
BRDA:106,7,1,0
BRDA:113,8,0,0
BRDA:113,8,1,0
BRDA:134,9,0,0
BRDA:134,9,1,0
BRDA:148,10,0,0
BRDA:148,10,1,0
BRDA:148,11,0,0
BRDA:148,11,1,0
BRDA:172,12,0,0
BRDA:172,12,1,0
BRDA:198,13,0,0
BRDA:198,13,1,0
BRDA:229,14,0,0
BRDA:229,14,1,0
BRDA:229,15,0,0
BRDA:229,15,1,0
BRDA:246,16,0,0
BRDA:250,17,0,0
BRDA:250,17,1,0
BRDA:250,17,2,0
BRDA:250,17,3,0
BRDA:250,17,4,0
BRDA:275,18,0,0
BRDA:275,18,1,0
BRDA:278,19,0,0
BRDA:278,19,1,0
BRDA:317,20,0,0
BRDA:317,20,1,0
BRDA:317,20,2,0
BRDA:325,21,0,0
BRDA:325,21,1,0
BRDA:329,22,0,0
BRDA:329,22,1,0
BRDA:329,22,2,0
BRDA:329,22,3,0
BRDA:329,22,4,0
BRDA:354,23,0,0
BRDA:354,23,1,0
BRDA:368,24,0,0
BRDA:368,24,1,0
BRDA:382,25,0,0
BRDA:382,25,1,0
BRDA:405,26,0,0
BRDA:405,26,1,0
BRDA:417,27,0,0
BRDA:417,27,1,0
BRDA:417,27,2,0
BRDA:427,28,0,0
BRDA:427,28,1,0
BRDA:429,29,0,0
BRDA:429,29,1,0
BRDA:431,30,0,0
BRDA:431,30,1,0
BRDA:433,31,0,0
BRDA:433,31,1,0
BRDA:442,32,0,0
BRDA:442,32,1,0
BRDA:481,33,0,0
BRDA:481,33,1,0
BRDA:493,34,0,0
BRDA:493,34,1,0
BRDA:497,35,0,0
BRDA:497,35,1,0
BRDA:505,36,0,0
BRDA:505,36,1,0
BRDA:516,37,0,0
BRDA:516,37,1,0
BRDA:528,38,0,0
BRDA:528,38,1,0
BRDA:532,39,0,0
BRDA:532,39,1,0
BRDA:540,40,0,0
BRDA:540,40,1,0
BRDA:556,41,0,0
BRDA:556,41,1,0
BRF:90
BRH:0
end_of_record
TN:
SF:src/database/NeRFStorage.ts
FN:53,(anonymous_0)
FN:56,(anonymous_1)
FN:59,(anonymous_2)
FN:63,(anonymous_3)
FN:70,(anonymous_4)
FN:90,(anonymous_5)
FN:125,(anonymous_6)
FN:130,(anonymous_7)
FN:137,(anonymous_8)
FN:146,(anonymous_9)
FN:160,(anonymous_10)
FN:165,(anonymous_11)
FN:174,(anonymous_12)
FN:183,(anonymous_13)
FN:193,(anonymous_14)
FN:198,(anonymous_15)
FN:203,(anonymous_16)
FN:214,(anonymous_17)
FN:222,(anonymous_18)
FN:227,(anonymous_19)
FN:236,(anonymous_20)
FN:258,(anonymous_21)
FN:263,(anonymous_22)
FN:268,(anonymous_23)
FN:277,(anonymous_24)
FN:282,(anonymous_25)
FN:287,(anonymous_26)
FN:293,(anonymous_27)
FN:302,(anonymous_28)
FN:304,(anonymous_29)
FN:334,(anonymous_30)
FN:339,(anonymous_31)
FN:344,(anonymous_32)
FN:352,(anonymous_33)
FN:361,(anonymous_34)
FN:378,(anonymous_35)
FN:391,(anonymous_36)
FN:433,(anonymous_37)
FN:448,(anonymous_38)
FNF:39
FNH:0
FNDA:0,(anonymous_0)
FNDA:0,(anonymous_1)
FNDA:0,(anonymous_2)
FNDA:0,(anonymous_3)
FNDA:0,(anonymous_4)
FNDA:0,(anonymous_5)
FNDA:0,(anonymous_6)
FNDA:0,(anonymous_7)
FNDA:0,(anonymous_8)
FNDA:0,(anonymous_9)
FNDA:0,(anonymous_10)
FNDA:0,(anonymous_11)
FNDA:0,(anonymous_12)
FNDA:0,(anonymous_13)
FNDA:0,(anonymous_14)
FNDA:0,(anonymous_15)
FNDA:0,(anonymous_16)
FNDA:0,(anonymous_17)
FNDA:0,(anonymous_18)
FNDA:0,(anonymous_19)
FNDA:0,(anonymous_20)
FNDA:0,(anonymous_21)
FNDA:0,(anonymous_22)
FNDA:0,(anonymous_23)
FNDA:0,(anonymous_24)
FNDA:0,(anonymous_25)
FNDA:0,(anonymous_26)
FNDA:0,(anonymous_27)
FNDA:0,(anonymous_28)
FNDA:0,(anonymous_29)
FNDA:0,(anonymous_30)
FNDA:0,(anonymous_31)
FNDA:0,(anonymous_32)
FNDA:0,(anonymous_33)
FNDA:0,(anonymous_34)
FNDA:0,(anonymous_35)
FNDA:0,(anonymous_36)
FNDA:0,(anonymous_37)
FNDA:0,(anonymous_38)
DA:37,0
DA:38,0
DA:39,0
DA:40,0
DA:41,0
DA:42,0
DA:45,0
DA:46,0
DA:47,0
DA:48,0
DA:54,0
DA:56,0
DA:57,0
DA:59,0
DA:60,0
DA:63,0
DA:64,0
DA:65,0
DA:66,0
DA:67,0
DA:70,0
DA:71,0
DA:74,0
DA:77,0
DA:78,0
DA:79,0
DA:80,0
DA:82,0
DA:97,0
DA:98,0
DA:101,0
DA:102,0
DA:125,0
DA:126,0
DA:127,0
DA:128,0
DA:130,0
DA:132,0
DA:133,0
DA:134,0
DA:137,0
DA:138,0
DA:147,0
DA:150,0
DA:151,0
DA:152,0
DA:153,0
DA:156,0
DA:157,0
DA:160,0
DA:161,0
DA:162,0
DA:163,0
DA:165,0
DA:166,0
DA:167,0
DA:168,0
DA:169,0
DA:171,0
DA:174,0
DA:175,0
DA:189,0
DA:190,0
DA:193,0
DA:194,0
DA:195,0
DA:196,0
DA:198,0
DA:199,0
DA:202,0
DA:203,0
DA:204,0
DA:205,0
DA:207,0
DA:208,0
DA:210,0
DA:211,0
DA:213,0
DA:214,0
DA:215,0
DA:217,0
DA:222,0
DA:224,0
DA:227,0
DA:228,0
DA:243,0
DA:244,0
DA:245,0
DA:249,0
DA:250,0
DA:251,0
DA:253,0
DA:254,0
DA:258,0
DA:259,0
DA:260,0
DA:261,0
DA:263,0
DA:264,0
DA:265,0
DA:268,0
DA:269,0
DA:278,0
DA:279,0
DA:282,0
DA:283,0
DA:284,0
DA:285,0
DA:287,0
DA:288,0
DA:289,0
DA:290,0
DA:293,0
DA:294,0
DA:303,0
DA:304,0
DA:307,0
DA:308,0
DA:310,0
DA:311,0
DA:312,0
DA:313,0
DA:314,0
DA:316,0
DA:320,0
DA:322,0
DA:335,0
DA:336,0
DA:339,0
DA:340,0
DA:341,0
DA:342,0
DA:344,0
DA:345,0
DA:346,0
DA:347,0
DA:348,0
DA:349,0
DA:352,0
DA:353,0
DA:364,0
DA:365,0
DA:366,0
DA:367,0
DA:368,0
DA:371,0
DA:375,0
DA:378,0
DA:384,0
DA:385,0
DA:392,0
DA:393,0
DA:395,0
DA:396,0
DA:399,0
DA:401,0
DA:402,0
DA:404,0
DA:405,0
DA:406,0
DA:407,0
DA:411,0
DA:413,0
DA:421,0
DA:423,0
DA:427,0
DA:428,0
DA:434,0
DA:437,0
DA:438,0
DA:439,0
DA:440,0
DA:449,0
DA:450,0
DA:451,0
DA:453,0
DA:454,0
DA:455,0
LF:178
LH:0
BRDA:54,0,0,0
BRDA:54,0,1,0
BRDA:94,1,0,0
BRDA:95,2,0,0
BRDA:97,3,0,0
BRDA:97,3,1,0
BRDA:97,4,0,0
BRDA:97,4,1,0
BRDA:150,5,0,0
BRDA:150,5,1,0
BRDA:156,6,0,0
BRDA:156,6,1,0
BRDA:156,7,0,0
BRDA:156,7,1,0
BRDA:167,8,0,0
BRDA:167,8,1,0
BRDA:171,9,0,0
BRDA:171,9,1,0
BRDA:189,10,0,0
BRDA:189,10,1,0
BRDA:189,11,0,0
BRDA:189,11,1,0
BRDA:202,12,0,0
BRDA:202,12,1,0
BRDA:204,13,0,0
BRDA:204,13,1,0
BRDA:204,14,0,0
BRDA:204,14,1,0
BRDA:207,15,0,0
BRDA:207,15,1,0
BRDA:207,16,0,0
BRDA:207,16,1,0
BRDA:210,17,0,0
BRDA:210,17,1,0
BRDA:210,18,0,0
BRDA:210,18,1,0
BRDA:213,19,0,0
BRDA:213,19,1,0
BRDA:213,20,0,0
BRDA:213,20,1,0
BRDA:215,21,0,0
BRDA:215,21,1,0
BRDA:244,22,0,0
BRDA:244,22,1,0
BRDA:249,23,0,0
BRDA:249,23,1,0
BRDA:253,24,0,0
BRDA:253,24,1,0
BRDA:278,25,0,0
BRDA:278,25,1,0
BRDA:278,26,0,0
BRDA:278,26,1,0
BRDA:310,27,0,0
BRDA:310,27,1,0
BRDA:310,28,0,0
BRDA:310,28,1,0
BRDA:313,29,0,0
BRDA:313,29,1,0
BRDA:314,30,0,0
BRDA:314,30,1,0
BRDA:320,31,0,0
BRDA:320,31,1,0
BRDA:335,32,0,0
BRDA:335,32,1,0
BRDA:335,33,0,0
BRDA:335,33,1,0
BRDA:364,34,0,0
BRDA:364,34,1,0
BRDA:368,35,0,0
BRDA:368,35,1,0
BRDA:391,36,0,0
BRDA:395,37,0,0
BRDA:395,37,1,0
BRDA:395,38,0,0
BRDA:395,38,1,0
BRDA:405,39,0,0
BRDA:405,39,1,0
BRDA:405,40,0,0
BRDA:405,40,1,0
BRDA:437,41,0,0
BRDA:437,41,1,0
BRDA:439,42,0,0
BRDA:439,42,1,0
BRDA:449,43,0,0
BRDA:449,43,1,0
BRF:85
BRH:0
end_of_record
TN:
SF:src/global/GlobalizationEngine.ts
FN:61,(anonymous_0)
FN:85,(anonymous_1)
FN:109,(anonymous_2)
FN:139,(anonymous_3)
FN:167,(anonymous_4)
FN:175,(anonymous_5)
FN:183,(anonymous_6)
FN:196,(anonymous_7)
FN:200,(anonymous_8)
FN:212,(anonymous_9)
FN:213,(anonymous_10)
FN:214,(anonymous_11)
FN:224,(anonymous_12)
FN:243,(anonymous_13)
FN:256,(anonymous_14)
FN:282,(anonymous_15)
FN:301,(anonymous_16)
FN:392,(anonymous_17)
FN:475,(anonymous_18)
FN:524,(anonymous_19)
FN:569,(anonymous_20)
FN:575,(anonymous_21)
FN:579,(anonymous_22)
FN:580,(anonymous_23)
FN:585,(anonymous_24)
FN:593,(anonymous_25)
FN:598,(anonymous_26)
FN:606,(anonymous_27)
FN:615,(anonymous_28)
FN:621,(anonymous_29)
FN:633,(anonymous_30)
FN:637,(anonymous_31)
FN:641,(anonymous_32)
FN:645,(anonymous_33)
FN:647,(anonymous_34)
FN:650,(anonymous_35)
FN:668,(anonymous_36)
FN:686,(anonymous_37)
FN:695,(anonymous_38)
FN:710,(anonymous_39)
FN:712,(anonymous_40)
FN:722,(anonymous_41)
FN:739,(anonymous_42)
FN:750,(anonymous_43)
FN:765,(anonymous_44)
FN:777,(anonymous_45)
FN:781,(anonymous_46)
FN:790,(anonymous_47)
FN:796,(anonymous_48)
FN:810,(anonymous_49)
FNF:50
FNH:0
FNDA:0,(anonymous_0)
FNDA:0,(anonymous_1)
FNDA:0,(anonymous_2)
FNDA:0,(anonymous_3)
FNDA:0,(anonymous_4)
FNDA:0,(anonymous_5)
FNDA:0,(anonymous_6)
FNDA:0,(anonymous_7)
FNDA:0,(anonymous_8)
FNDA:0,(anonymous_9)
FNDA:0,(anonymous_10)
FNDA:0,(anonymous_11)
FNDA:0,(anonymous_12)
FNDA:0,(anonymous_13)
FNDA:0,(anonymous_14)
FNDA:0,(anonymous_15)
FNDA:0,(anonymous_16)
FNDA:0,(anonymous_17)
FNDA:0,(anonymous_18)
FNDA:0,(anonymous_19)
FNDA:0,(anonymous_20)
FNDA:0,(anonymous_21)
FNDA:0,(anonymous_22)
FNDA:0,(anonymous_23)
FNDA:0,(anonymous_24)
FNDA:0,(anonymous_25)
FNDA:0,(anonymous_26)
FNDA:0,(anonymous_27)
FNDA:0,(anonymous_28)
FNDA:0,(anonymous_29)
FNDA:0,(anonymous_30)
FNDA:0,(anonymous_31)
FNDA:0,(anonymous_32)
FNDA:0,(anonymous_33)
FNDA:0,(anonymous_34)
FNDA:0,(anonymous_35)
FNDA:0,(anonymous_36)
FNDA:0,(anonymous_37)
FNDA:0,(anonymous_38)
FNDA:0,(anonymous_39)
FNDA:0,(anonymous_40)
FNDA:0,(anonymous_41)
FNDA:0,(anonymous_42)
FNDA:0,(anonymous_43)
FNDA:0,(anonymous_44)
FNDA:0,(anonymous_45)
FNDA:0,(anonymous_46)
FNDA:0,(anonymous_47)
FNDA:0,(anonymous_48)
FNDA:0,(anonymous_49)
DA:50,0
DA:52,0
DA:53,0
DA:54,0
DA:55,0
DA:62,0
DA:74,0
DA:75,0
DA:76,0
DA:77,0
DA:79,0
DA:86,0
DA:89,0
DA:92,0
DA:95,0
DA:98,0
DA:101,0
DA:103,0
DA:110,0
DA:111,0
DA:112,0
DA:115,0
DA:116,0
DA:119,0
DA:122,0
DA:125,0
DA:128,0
DA:131,0
DA:133,0
DA:140,0
DA:142,0
DA:145,0
DA:146,0
DA:147,0
DA:151,0
DA:152,0
DA:153,0
DA:157,0
DA:158,0
DA:161,0
DA:168,0
DA:169,0
DA:176,0
DA:177,0
DA:184,0
DA:185,0
DA:187,0
DA:197,0
DA:199,0
DA:200,0
DA:202,0
DA:204,0
DA:205,0
DA:206,0
DA:209,0
DA:212,0
DA:213,0
DA:214,0
DA:217,0
DA:218,0
DA:225,0
DA:227,0
DA:236,0
DA:237,0
DA:238,0
DA:242,0
DA:243,0
DA:244,0
DA:247,0
DA:249,0
DA:250,0
DA:257,0
DA:259,0
DA:262,0
DA:263,0
DA:267,0
DA:268,0
DA:272,0
DA:273,0
DA:276,0
DA:283,0
DA:296,0
DA:302,0
DA:382,0
DA:383,0
DA:384,0
DA:393,0
DA:468,0
DA:469,0
DA:470,0
DA:476,0
DA:519,0
DA:520,0
DA:525,0
DA:564,0
DA:565,0
DA:570,0
DA:571,0
DA:576,0
DA:580,0
DA:581,0
DA:586,0
DA:587,0
DA:588,0
DA:589,0
DA:595,0
DA:600,0
DA:601,0
DA:607,0
DA:608,0
DA:609,0
DA:610,0
DA:616,0
DA:622,0
DA:624,0
DA:625,0
DA:626,0
DA:630,0
DA:646,0
DA:647,0
DA:651,0
DA:653,0
DA:654,0
DA:656,0
DA:657,0
DA:659,0
DA:660,0
DA:661,0
DA:665,0
DA:669,0
DA:671,0
DA:672,0
DA:673,0
DA:683,0
DA:687,0
DA:688,0
DA:690,0
DA:692,0
DA:696,0
DA:698,0
DA:699,0
DA:707,0
DA:711,0
DA:712,0
DA:714,0
DA:723,0
DA:726,0
DA:727,0
DA:728,0
DA:732,0
DA:733,0
DA:734,0
DA:738,0
DA:739,0
DA:740,0
DA:741,0
DA:744,0
DA:751,0
DA:766,0
DA:767,0
DA:768,0
DA:769,0
DA:770,0
DA:783,0
DA:798,0
DA:812,0
LF:166
LH:0
BRDA:110,0,0,0
BRDA:110,0,1,0
BRDA:145,1,0,0
BRDA:145,1,1,0
BRDA:145,2,0,0
BRDA:145,2,1,0
BRDA:151,3,0,0
BRDA:151,3,1,0
BRDA:157,4,0,0
BRDA:157,4,1,0
BRDA:169,5,0,0
BRDA:169,5,1,0
BRDA:177,6,0,0
BRDA:177,6,1,0
BRDA:185,7,0,0
BRDA:185,7,1,0
BRDA:185,7,2,0
BRDA:187,8,0,0
BRDA:187,8,1,0
BRDA:200,9,0,0
BRDA:200,9,1,0
BRDA:212,10,0,0
BRDA:212,10,1,0
BRDA:213,11,0,0
BRDA:213,11,1,0
BRDA:214,12,0,0
BRDA:214,12,1,0
BRDA:262,13,0,0
BRDA:262,13,1,0
BRDA:267,14,0,0
BRDA:267,14,1,0
BRDA:272,15,0,0
BRDA:272,15,1,0
BRDA:383,16,0,0
BRDA:383,16,1,0
BRDA:469,17,0,0
BRDA:469,17,1,0
BRDA:570,18,0,0
BRDA:570,18,1,0
BRDA:581,19,0,0
BRDA:581,19,1,0
BRDA:587,20,0,0
BRDA:587,20,1,0
BRDA:587,21,0,0
BRDA:587,21,1,0
BRDA:601,22,0,0
BRDA:601,22,1,0
BRDA:607,23,0,0
BRDA:607,23,1,0
BRDA:609,24,0,0
BRDA:609,24,1,0
BRDA:625,25,0,0
BRDA:625,25,1,0
BRDA:651,26,0,0
BRDA:651,26,1,0
BRDA:654,27,0,0
BRDA:654,27,1,0
BRDA:660,28,0,0
BRDA:660,28,1,0
BRDA:678,29,0,0
BRDA:678,29,1,0
BRDA:690,30,0,0
BRDA:690,30,1,0
BRDA:690,31,0,0
BRDA:690,31,1,0
BRDA:727,32,0,0
BRDA:727,32,1,0
BRDA:733,33,0,0
BRDA:733,33,1,0
BRDA:740,34,0,0
BRDA:740,34,1,0
BRDA:803,35,0,0
BRDA:803,35,1,0
BRDA:816,36,0,0
BRDA:816,36,1,0
BRDA:817,37,0,0
BRDA:817,37,1,0
BRDA:818,38,0,0
BRDA:818,38,1,0
BRF:79
BRH:0
end_of_record
TN:
SF:src/integrations/GitHubIntegration.ts
FN:31,(anonymous_0)
FN:35,(anonymous_1)
FN:40,(anonymous_2)
FNF:3
FNH:0
FNDA:0,(anonymous_0)
FNDA:0,(anonymous_1)
FNDA:0,(anonymous_2)
DA:28,0
DA:32,0
DA:36,0
DA:37,0
DA:41,0
LF:5
LH:0
BRF:0
BRH:0
end_of_record
TN:
SF:src/integrations/NotificationService.ts
FN:22,(anonymous_0)
FN:26,(anonymous_1)
FN:30,(anonymous_2)
FNF:3
FNH:0
FNDA:0,(anonymous_0)
FNDA:0,(anonymous_1)
FNDA:0,(anonymous_2)
DA:19,0
DA:23,0
DA:27,0
DA:31,0
LF:4
LH:0
BRDA:22,0,0,0
BRF:1
BRH:0
end_of_record
TN:
SF:src/monitoring/AdvancedMonitor.ts
FN:69,(anonymous_0)
FN:82,(anonymous_1)
FN:84,(anonymous_2)
FN:89,(anonymous_3)
FN:99,(anonymous_4)
FN:101,(anonymous_5)
FN:124,(anonymous_6)
FN:154,(anonymous_7)
FN:172,(anonymous_8)
FN:175,(anonymous_9)
FN:190,(anonymous_10)
FN:203,(anonymous_11)
FN:217,(anonymous_12)
FN:268,(anonymous_13)
FN:283,(anonymous_14)
FN:292,(anonymous_15)
FN:322,(anonymous_16)
FN:347,(anonymous_17)
FN:351,(anonymous_18)
FN:360,(anonymous_19)
FN:369,(anonymous_20)
FN:378,(anonymous_21)
FN:388,(anonymous_22)
FN:395,(anonymous_23)
FN:396,(anonymous_24)
FN:407,(anonymous_25)
FN:414,(anonymous_26)
FN:422,(anonymous_27)
FN:429,(anonymous_28)
FN:447,(anonymous_29)
FN:457,(anonymous_30)
FN:460,(anonymous_31)
FN:467,(anonymous_32)
FN:470,(anonymous_33)
FN:483,(anonymous_34)
FN:490,(anonymous_35)
FN:492,(anonymous_36)
FN:504,(anonymous_37)
FN:516,(anonymous_38)
FNF:39
FNH:0
FNDA:0,(anonymous_0)
FNDA:0,(anonymous_1)
FNDA:0,(anonymous_2)
FNDA:0,(anonymous_3)
FNDA:0,(anonymous_4)
FNDA:0,(anonymous_5)
FNDA:0,(anonymous_6)
FNDA:0,(anonymous_7)
FNDA:0,(anonymous_8)
FNDA:0,(anonymous_9)
FNDA:0,(anonymous_10)
FNDA:0,(anonymous_11)
FNDA:0,(anonymous_12)
FNDA:0,(anonymous_13)
FNDA:0,(anonymous_14)
FNDA:0,(anonymous_15)
FNDA:0,(anonymous_16)
FNDA:0,(anonymous_17)
FNDA:0,(anonymous_18)
FNDA:0,(anonymous_19)
FNDA:0,(anonymous_20)
FNDA:0,(anonymous_21)
FNDA:0,(anonymous_22)
FNDA:0,(anonymous_23)
FNDA:0,(anonymous_24)
FNDA:0,(anonymous_25)
FNDA:0,(anonymous_26)
FNDA:0,(anonymous_27)
FNDA:0,(anonymous_28)
FNDA:0,(anonymous_29)
FNDA:0,(anonymous_30)
FNDA:0,(anonymous_31)
FNDA:0,(anonymous_32)
FNDA:0,(anonymous_33)
FNDA:0,(anonymous_34)
FNDA:0,(anonymous_35)
FNDA:0,(anonymous_36)
FNDA:0,(anonymous_37)
FNDA:0,(anonymous_38)
DA:53,0
DA:55,0
DA:56,0
DA:57,0
DA:58,0
DA:59,0
DA:62,0
DA:65,0
DA:66,0
DA:67,0
DA:70,0
DA:72,0
DA:73,0
DA:74,0
DA:75,0
DA:84,0
DA:85,0
DA:89,0
DA:90,0
DA:93,0
DA:100,0
DA:101,0
DA:102,0
DA:104,0
DA:105,0
DA:113,0
DA:114,0
DA:116,0
DA:125,0
DA:127,0
DA:135,0
DA:136,0
DA:139,0
DA:140,0
DA:143,0
DA:144,0
DA:148,0
DA:156,0
DA:157,0
DA:158,0
DA:159,0
DA:160,0
DA:164,0
DA:165,0
DA:166,0
DA:167,0
DA:171,0
DA:172,0
DA:173,0
DA:174,0
DA:181,0
DA:184,0
DA:192,0
DA:193,0
DA:196,0
DA:197,0
DA:205,0
DA:208,0
DA:209,0
DA:210,0
DA:211,0
DA:218,0
DA:219,0
DA:220,0
DA:222,0
DA:242,0
DA:245,0
DA:246,0
DA:250,0
DA:251,0
DA:254,0
DA:255,0
DA:259,0
DA:262,0
DA:269,0
DA:270,0
DA:273,0
DA:274,0
DA:275,0
DA:277,0
DA:284,0
DA:285,0
DA:286,0
DA:293,0
DA:295,0
DA:297,0
DA:298,0
DA:301,0
DA:303,0
DA:305,0
DA:313,0
DA:314,0
DA:323,0
DA:325,0
DA:326,0
DA:334,0
DA:340,0
DA:349,0
DA:351,0
DA:358,0
DA:360,0
DA:367,0
DA:369,0
DA:376,0
DA:378,0
DA:389,0
DA:396,0
DA:397,0
DA:398,0
DA:399,0
DA:401,0
DA:408,0
DA:415,0
DA:416,0
DA:423,0
DA:430,0
DA:431,0
DA:433,0
DA:454,0
DA:455,0
DA:457,0
DA:458,0
DA:459,0
DA:460,0
DA:461,0
DA:464,0
DA:465,0
DA:466,0
DA:467,0
DA:468,0
DA:469,0
DA:470,0
DA:471,0
DA:472,0
DA:473,0
DA:477,0
DA:484,0
DA:485,0
DA:487,0
DA:491,0
DA:492,0
DA:493,0
DA:494,0
DA:496,0
DA:505,0
DA:506,0
DA:507,0
DA:508,0
DA:510,0
DA:517,0
DA:518,0
DA:519,0
DA:522,0
DA:523,0
DA:524,0
DA:527,0
DA:528,0
DA:529,0
DA:532,0
DA:533,0
DA:534,0
DA:535,0
DA:537,0
LF:163
LH:0
BRDA:72,0,0,0
BRDA:72,0,1,0
BRDA:100,1,0,0
BRDA:100,1,1,0
BRDA:125,2,0,0
BRDA:125,2,1,0
BRDA:132,3,0,0
BRDA:132,3,1,0
BRDA:135,4,0,0
BRDA:135,4,1,0
BRDA:143,5,0,0
BRDA:143,5,1,0
BRDA:156,6,0,0
BRDA:156,6,1,0
BRDA:156,7,0,0
BRDA:156,7,1,0
BRDA:164,8,0,0
BRDA:164,8,1,0
BRDA:164,9,0,0
BRDA:164,9,1,0
BRDA:171,10,0,0
BRDA:171,10,1,0
BRDA:174,11,0,0
BRDA:174,11,1,0
BRDA:220,12,0,0
BRDA:220,12,1,0
BRDA:226,13,0,0
BRDA:226,13,1,0
BRDA:227,14,0,0
BRDA:227,14,1,0
BRDA:245,15,0,0
BRDA:245,15,1,0
BRDA:254,16,0,0
BRDA:254,16,1,0
BRDA:269,17,0,0
BRDA:269,17,1,0
BRDA:270,18,0,0
BRDA:270,18,1,0
BRDA:285,19,0,0
BRDA:285,19,1,0
BRDA:285,20,0,0
BRDA:285,20,1,0
BRDA:297,21,0,0
BRDA:297,21,1,0
BRDA:297,22,0,0
BRDA:297,22,1,0
BRDA:301,23,0,0
BRDA:301,23,1,0
BRDA:323,24,0,0
BRDA:323,24,1,0
BRDA:397,25,0,0
BRDA:397,25,1,0
BRDA:415,26,0,0
BRDA:415,26,1,0
BRDA:416,27,0,0
BRDA:416,27,1,0
BRDA:423,28,0,0
BRDA:423,28,1,0
BRDA:431,29,0,0
BRDA:431,29,1,0
BRDA:455,30,0,0
BRDA:455,30,1,0
BRDA:455,31,0,0
BRDA:455,31,1,0
BRDA:465,32,0,0
BRDA:465,32,1,0
BRDA:469,33,0,0
BRDA:469,33,1,0
BRDA:472,34,0,0
BRDA:472,34,1,0
BRDA:473,35,0,0
BRDA:473,35,1,0
BRDA:484,36,0,0
BRDA:484,36,1,0
BRDA:491,37,0,0
BRDA:491,37,1,0
BRDA:506,38,0,0
BRDA:506,38,1,0
BRDA:517,39,0,0
BRDA:517,39,1,0
BRDA:522,40,0,0
BRDA:522,40,1,0
BRDA:527,41,0,0
BRDA:527,41,1,0
BRF:84
BRH:0
end_of_record
TN:
SF:src/monitoring/ComprehensiveMonitor.ts
FN:95,(anonymous_0)
FN:124,(anonymous_1)
FN:142,(anonymous_2)
FN:145,(anonymous_3)
FN:155,(anonymous_4)
FN:171,(anonymous_5)
FN:214,(anonymous_6)
FN:236,(anonymous_7)
FN:244,(anonymous_8)
FN:248,(anonymous_9)
FN:265,(anonymous_10)
FN:266,(anonymous_11)
FN:274,(anonymous_12)
FN:308,(anonymous_13)
FN:321,(anonymous_14)
FN:334,(anonymous_15)
FN:355,(anonymous_16)
FN:357,(anonymous_17)
FN:366,(anonymous_18)
FN:369,(anonymous_19)
FN:375,(anonymous_20)
FN:379,(anonymous_21)
FN:392,(anonymous_22)
FN:412,(anonymous_23)
FN:422,(anonymous_24)
FN:433,(anonymous_25)
FN:442,(anonymous_26)
FN:450,(anonymous_27)
FN:459,(anonymous_28)
FN:492,(anonymous_29)
FN:512,(anonymous_30)
FN:518,(anonymous_31)
FN:523,(anonymous_32)
FN:527,(anonymous_33)
FN:531,(anonymous_34)
FN:535,(anonymous_35)
FN:539,(anonymous_36)
FN:557,(anonymous_37)
FN:561,(anonymous_38)
FN:565,(anonymous_39)
FN:569,(anonymous_40)
FN:573,(anonymous_41)
FN:575,(anonymous_42)
FN:591,(anonymous_43)
FN:595,(anonymous_44)
FN:600,(anonymous_45)
FN:605,(anonymous_46)
FN:609,(anonymous_47)
FN:610,(anonymous_48)
FN:611,(anonymous_49)
FN:612,(anonymous_50)
FN:616,(anonymous_51)
FN:624,(anonymous_52)
FN:625,(anonymous_53)
FN:627,(anonymous_54)
FN:628,(anonymous_55)
FN:639,(anonymous_56)
FN:661,(anonymous_57)
FN:665,(anonymous_58)
FN:671,(anonymous_59)
FN:679,(anonymous_60)
FN:694,(anonymous_61)
FN:715,(anonymous_62)
FN:717,(anonymous_63)
FN:731,(anonymous_64)
FNF:65
FNH:0
FNDA:0,(anonymous_0)
FNDA:0,(anonymous_1)
FNDA:0,(anonymous_2)
FNDA:0,(anonymous_3)
FNDA:0,(anonymous_4)
FNDA:0,(anonymous_5)
FNDA:0,(anonymous_6)
FNDA:0,(anonymous_7)
FNDA:0,(anonymous_8)
FNDA:0,(anonymous_9)
FNDA:0,(anonymous_10)
FNDA:0,(anonymous_11)
FNDA:0,(anonymous_12)
FNDA:0,(anonymous_13)
FNDA:0,(anonymous_14)
FNDA:0,(anonymous_15)
FNDA:0,(anonymous_16)
FNDA:0,(anonymous_17)
FNDA:0,(anonymous_18)
FNDA:0,(anonymous_19)
FNDA:0,(anonymous_20)
FNDA:0,(anonymous_21)
FNDA:0,(anonymous_22)
FNDA:0,(anonymous_23)
FNDA:0,(anonymous_24)
FNDA:0,(anonymous_25)
FNDA:0,(anonymous_26)
FNDA:0,(anonymous_27)
FNDA:0,(anonymous_28)
FNDA:0,(anonymous_29)
FNDA:0,(anonymous_30)
FNDA:0,(anonymous_31)
FNDA:0,(anonymous_32)
FNDA:0,(anonymous_33)
FNDA:0,(anonymous_34)
FNDA:0,(anonymous_35)
FNDA:0,(anonymous_36)
FNDA:0,(anonymous_37)
FNDA:0,(anonymous_38)
FNDA:0,(anonymous_39)
FNDA:0,(anonymous_40)
FNDA:0,(anonymous_41)
FNDA:0,(anonymous_42)
FNDA:0,(anonymous_43)
FNDA:0,(anonymous_44)
FNDA:0,(anonymous_45)
FNDA:0,(anonymous_46)
FNDA:0,(anonymous_47)
FNDA:0,(anonymous_48)
FNDA:0,(anonymous_49)
FNDA:0,(anonymous_50)
FNDA:0,(anonymous_51)
FNDA:0,(anonymous_52)
FNDA:0,(anonymous_53)
FNDA:0,(anonymous_54)
FNDA:0,(anonymous_55)
FNDA:0,(anonymous_56)
FNDA:0,(anonymous_57)
FNDA:0,(anonymous_58)
FNDA:0,(anonymous_59)
FNDA:0,(anonymous_60)
FNDA:0,(anonymous_61)
FNDA:0,(anonymous_62)
FNDA:0,(anonymous_63)
FNDA:0,(anonymous_64)
DA:80,0
DA:82,0
DA:83,0
DA:84,0
DA:85,0
DA:88,0
DA:89,0
DA:92,0
DA:93,0
DA:96,0
DA:116,0
DA:117,0
DA:125,0
DA:128,0
DA:131,0
DA:134,0
DA:136,0
DA:143,0
DA:145,0
DA:146,0
DA:149,0
DA:156,0
DA:157,0
DA:158,0
DA:161,0
DA:162,0
DA:165,0
DA:172,0
DA:208,0
DA:215,0
DA:218,0
DA:227,0
DA:228,0
DA:242,0
DA:243,0
DA:244,0
DA:246,0
DA:248,0
DA:249,0
DA:250,0
DA:251,0
DA:254,0
DA:266,0
DA:267,0
DA:288,0
DA:289,0
DA:296,0
DA:298,0
DA:299,0
DA:300,0
DA:302,0
DA:309,0
DA:310,0
DA:311,0
DA:312,0
DA:313,0
DA:315,0
DA:322,0
DA:323,0
DA:324,0
DA:325,0
DA:326,0
DA:328,0
DA:335,0
DA:336,0
DA:338,0
DA:339,0
DA:342,0
DA:344,0
DA:346,0
DA:349,0
DA:356,0
DA:357,0
DA:358,0
DA:359,0
DA:362,0
DA:368,0
DA:369,0
DA:370,0
DA:376,0
DA:380,0
DA:389,0
DA:394,0
DA:397,0
DA:398,0
DA:402,0
DA:403,0
DA:407,0
DA:408,0
DA:413,0
DA:423,0
DA:424,0
DA:434,0
DA:444,0
DA:451,0
DA:460,0
DA:463,0
DA:464,0
DA:470,0
DA:471,0
DA:477,0
DA:478,0
DA:484,0
DA:486,0
DA:493,0
DA:495,0
DA:506,0
DA:508,0
DA:511,0
DA:512,0
DA:520,0
DA:524,0
DA:528,0
DA:532,0
DA:536,0
DA:540,0
DA:541,0
DA:542,0
DA:551,0
DA:558,0
DA:562,0
DA:566,0
DA:570,0
DA:575,0
DA:576,0
DA:578,0
DA:593,0
DA:595,0
DA:597,0
DA:601,0
DA:606,0
DA:608,0
DA:609,0
DA:610,0
DA:611,0
DA:612,0
DA:617,0
DA:618,0
DA:621,0
DA:622,0
DA:624,0
DA:625,0
DA:627,0
DA:628,0
DA:630,0
DA:640,0
DA:642,0
DA:643,0
DA:646,0
DA:647,0
DA:650,0
DA:651,0
DA:654,0
DA:655,0
DA:658,0
DA:662,0
DA:665,0
DA:672,0
DA:673,0
DA:674,0
DA:675,0
DA:680,0
DA:681,0
DA:682,0
DA:683,0
DA:689,0
DA:695,0
DA:696,0
DA:716,0
DA:717,0
DA:725,0
DA:732,0
DA:734,0
DA:735,0
DA:738,0
DA:739,0
DA:741,0
LF:177
LH:0
BRDA:95,0,0,0
BRDA:116,1,0,0
BRDA:116,1,1,0
BRDA:143,2,0,0
BRDA:143,2,1,0
BRDA:143,3,0,0
BRDA:143,3,1,0
BRDA:156,4,0,0
BRDA:156,4,1,0
BRDA:161,5,0,0
BRDA:161,5,1,0
BRDA:214,6,0,0
BRDA:227,7,0,0
BRDA:227,7,1,0
BRDA:227,8,0,0
BRDA:227,8,1,0
BRDA:227,8,2,0
BRDA:228,9,0,0
BRDA:228,9,1,0
BRDA:248,10,0,0
BRDA:248,10,1,0
BRDA:250,11,0,0
BRDA:250,11,1,0
BRDA:267,12,0,0
BRDA:267,12,1,0
BRDA:288,13,0,0
BRDA:288,13,1,0
BRDA:310,14,0,0
BRDA:310,14,1,0
BRDA:323,15,0,0
BRDA:323,15,1,0
BRDA:335,16,0,0
BRDA:335,16,1,0
BRDA:338,17,0,0
BRDA:338,17,1,0
BRDA:342,18,0,0
BRDA:342,18,1,0
BRDA:342,18,2,0
BRDA:342,18,3,0
BRDA:356,19,0,0
BRDA:356,19,1,0
BRDA:368,20,0,0
BRDA:368,20,1,0
BRDA:397,21,0,0
BRDA:397,21,1,0
BRDA:402,22,0,0
BRDA:402,22,1,0
BRDA:407,23,0,0
BRDA:407,23,1,0
BRDA:427,24,0,0
BRDA:427,24,1,0
BRDA:428,25,0,0
BRDA:428,25,1,0
BRDA:429,26,0,0
BRDA:429,26,1,0
BRDA:453,27,0,0
BRDA:453,27,1,0
BRDA:454,28,0,0
BRDA:454,28,1,0
BRDA:455,29,0,0
BRDA:455,29,1,0
BRDA:463,30,0,0
BRDA:463,30,1,0
BRDA:470,31,0,0
BRDA:470,31,1,0
BRDA:477,32,0,0
BRDA:477,32,1,0
BRDA:484,33,0,0
BRDA:484,33,1,0
BRDA:484,34,0,0
BRDA:484,34,1,0
BRDA:484,34,2,0
BRDA:511,35,0,0
BRDA:511,35,1,0
BRDA:540,36,0,0
BRDA:540,36,1,0
BRDA:540,37,0,0
BRDA:540,37,1,0
BRDA:576,38,0,0
BRDA:576,38,1,0
BRDA:576,39,0,0
BRDA:576,39,1,0
BRDA:601,40,0,0
BRDA:601,40,1,0
BRDA:606,41,0,0
BRDA:606,41,1,0
BRDA:617,42,0,0
BRDA:617,42,1,0
BRDA:631,43,0,0
BRDA:631,43,1,0
BRDA:632,44,0,0
BRDA:632,44,1,0
BRDA:633,45,0,0
BRDA:633,45,1,0
BRDA:634,46,0,0
BRDA:634,46,1,0
BRDA:642,47,0,0
BRDA:642,47,1,0
BRDA:646,48,0,0
BRDA:646,48,1,0
BRDA:650,49,0,0
BRDA:650,49,1,0
BRDA:654,50,0,0
BRDA:654,50,1,0
BRDA:663,51,0,0
BRDA:663,51,1,0
BRDA:663,52,0,0
BRDA:663,52,1,0
BRDA:667,53,0,0
BRDA:667,53,1,0
BRDA:673,54,0,0
BRDA:673,54,1,0
BRDA:734,55,0,0
BRDA:734,55,1,0
BRF:114
BRH:0
end_of_record
TN:
SF:src/monitoring/HealthMonitor.ts
FN:12,(anonymous_0)
FN:78,(anonymous_1)
FN:108,(anonymous_2)
FN:111,(anonymous_3)
FN:122,(anonymous_4)
FN:134,(anonymous_5)
FN:155,(anonymous_6)
FN:191,(anonymous_7)
FN:198,(anonymous_8)
FN:199,(anonymous_9)
FN:209,(anonymous_10)
FN:218,(anonymous_11)
FN:229,(anonymous_12)
FN:242,(anonymous_13)
FN:264,(anonymous_14)
FN:265,(anonymous_15)
FN:276,(anonymous_16)
FN:295,(anonymous_17)
FN:324,(anonymous_18)
FN:333,(anonymous_19)
FN:342,(anonymous_20)
FN:351,(anonymous_21)
FN:360,(anonymous_22)
FN:369,(anonymous_23)
FN:378,(anonymous_24)
FN:398,(anonymous_25)
FN:406,(anonymous_26)
FN:415,(anonymous_27)
FN:418,(anonymous_28)
FN:419,(anonymous_29)
FN:420,(anonymous_30)
FN:425,(anonymous_31)
FN:453,(anonymous_32)
FN:464,(anonymous_33)
FN:471,(anonymous_34)
FN:474,(anonymous_35)
FN:481,(anonymous_36)
FN:482,(anonymous_37)
FN:491,(anonymous_38)
FN:499,(anonymous_39)
FN:500,(anonymous_40)
FN:512,(anonymous_41)
FN:522,(anonymous_42)
FNF:43
FNH:0
FNDA:0,(anonymous_0)
FNDA:0,(anonymous_1)
FNDA:0,(anonymous_2)
FNDA:0,(anonymous_3)
FNDA:0,(anonymous_4)
FNDA:0,(anonymous_5)
FNDA:0,(anonymous_6)
FNDA:0,(anonymous_7)
FNDA:0,(anonymous_8)
FNDA:0,(anonymous_9)
FNDA:0,(anonymous_10)
FNDA:0,(anonymous_11)
FNDA:0,(anonymous_12)
FNDA:0,(anonymous_13)
FNDA:0,(anonymous_14)
FNDA:0,(anonymous_15)
FNDA:0,(anonymous_16)
FNDA:0,(anonymous_17)
FNDA:0,(anonymous_18)
FNDA:0,(anonymous_19)
FNDA:0,(anonymous_20)
FNDA:0,(anonymous_21)
FNDA:0,(anonymous_22)
FNDA:0,(anonymous_23)
FNDA:0,(anonymous_24)
FNDA:0,(anonymous_25)
FNDA:0,(anonymous_26)
FNDA:0,(anonymous_27)
FNDA:0,(anonymous_28)
FNDA:0,(anonymous_29)
FNDA:0,(anonymous_30)
FNDA:0,(anonymous_31)
FNDA:0,(anonymous_32)
FNDA:0,(anonymous_33)
FNDA:0,(anonymous_34)
FNDA:0,(anonymous_35)
FNDA:0,(anonymous_36)
FNDA:0,(anonymous_37)
FNDA:0,(anonymous_38)
FNDA:0,(anonymous_39)
FNDA:0,(anonymous_40)
FNDA:0,(anonymous_41)
FNDA:0,(anonymous_42)
DA:12,0
DA:13,0
DA:14,0
DA:15,0
DA:16,0
DA:69,0
DA:71,0
DA:72,0
DA:73,0
DA:74,0
DA:76,0
DA:79,0
DA:100,0
DA:101,0
DA:109,0
DA:111,0
DA:112,0
DA:116,0
DA:123,0
DA:125,0
DA:126,0
DA:127,0
DA:135,0
DA:136,0
DA:138,0
DA:139,0
DA:142,0
DA:156,0
DA:157,0
DA:159,0
DA:168,0
DA:169,0
DA:170,0
DA:173,0
DA:174,0
DA:177,0
DA:178,0
DA:182,0
DA:183,0
DA:184,0
DA:192,0
DA:199,0
DA:200,0
DA:201,0
DA:202,0
DA:214,0
DA:215,0
DA:217,0
DA:218,0
DA:220,0
DA:221,0
DA:229,0
DA:230,0
DA:231,0
DA:234,0
DA:236,0
DA:243,0
DA:244,0
DA:246,0
DA:247,0
DA:248,0
DA:249,0
DA:251,0
DA:252,0
DA:253,0
DA:254,0
DA:257,0
DA:258,0
DA:259,0
DA:260,0
DA:261,0
DA:264,0
DA:265,0
DA:266,0
DA:267,0
DA:268,0
DA:271,0
DA:277,0
DA:279,0
DA:280,0
DA:284,0
DA:287,0
DA:290,0
DA:291,0
DA:296,0
DA:297,0
DA:299,0
DA:300,0
DA:302,0
DA:303,0
DA:305,0
DA:306,0
DA:308,0
DA:309,0
DA:311,0
DA:312,0
DA:315,0
DA:318,0
DA:319,0
DA:320,0
DA:326,0
DA:327,0
DA:329,0
DA:330,0
DA:335,0
DA:336,0
DA:338,0
DA:339,0
DA:344,0
DA:345,0
DA:347,0
DA:348,0
DA:353,0
DA:354,0
DA:356,0
DA:357,0
DA:362,0
DA:363,0
DA:365,0
DA:366,0
DA:371,0
DA:372,0
DA:374,0
DA:375,0
DA:379,0
DA:381,0
DA:383,0
DA:387,0
DA:390,0
DA:392,0
DA:394,0
DA:399,0
DA:401,0
DA:402,0
DA:403,0
DA:407,0
DA:409,0
DA:410,0
DA:411,0
DA:416,0
DA:418,0
DA:419,0
DA:420,0
DA:422,0
DA:426,0
DA:429,0
DA:439,0
DA:442,0
DA:443,0
DA:444,0
DA:446,0
DA:450,0
DA:454,0
DA:456,0
DA:457,0
DA:458,0
DA:459,0
DA:465,0
DA:467,0
DA:468,0
DA:471,0
DA:475,0
DA:477,0
DA:478,0
DA:479,0
DA:481,0
DA:482,0
DA:484,0
DA:486,0
DA:487,0
DA:488,0
DA:492,0
DA:494,0
DA:495,0
DA:496,0
DA:499,0
DA:500,0
DA:502,0
DA:503,0
DA:509,0
DA:513,0
DA:514,0
DA:515,0
DA:516,0
DA:517,0
DA:518,0
DA:523,0
DA:524,0
DA:525,0
DA:526,0
DA:527,0
DA:528,0
LF:192
LH:0
BRDA:12,0,0,0
BRDA:12,0,1,0
BRDA:78,1,0,0
BRDA:125,2,0,0
BRDA:125,2,1,0
BRDA:155,3,0,0
BRDA:155,4,0,0
BRDA:164,5,0,0
BRDA:164,5,1,0
BRDA:169,6,0,0
BRDA:169,6,1,0
BRDA:177,7,0,0
BRDA:177,7,1,0
BRDA:182,8,0,0
BRDA:182,8,1,0
BRDA:182,9,0,0
BRDA:182,9,1,0
BRDA:200,10,0,0
BRDA:200,10,1,0
BRDA:209,11,0,0
BRDA:215,12,0,0
BRDA:215,12,1,0
BRDA:220,13,0,0
BRDA:220,13,1,0
BRDA:297,14,0,0
BRDA:297,14,1,0
BRDA:297,14,2,0
BRDA:297,14,3,0
BRDA:297,14,4,0
BRDA:381,15,0,0
BRDA:381,15,1,0
BRDA:381,15,2,0
BRDA:381,15,3,0
BRDA:381,15,4,0
BRDA:381,15,5,0
BRDA:381,15,6,0
BRDA:381,15,7,0
BRDA:399,16,0,0
BRDA:399,16,1,0
BRDA:401,17,0,0
BRDA:401,17,1,0
BRDA:402,18,0,0
BRDA:402,18,1,0
BRDA:409,19,0,0
BRDA:409,19,1,0
BRDA:418,20,0,0
BRDA:418,20,1,0
BRDA:419,21,0,0
BRDA:419,21,1,0
BRDA:420,22,0,0
BRDA:420,22,1,0
BRDA:426,23,0,0
BRDA:426,23,1,0
BRDA:427,24,0,0
BRDA:427,24,1,0
BRDA:457,25,0,0
BRDA:457,25,1,0
BRDA:457,26,0,0
BRDA:457,26,1,0
BRDA:475,27,0,0
BRDA:475,27,1,0
BRDA:486,28,0,0
BRDA:486,28,1,0
BRDA:487,29,0,0
BRDA:487,29,1,0
BRDA:492,30,0,0
BRDA:492,30,1,0
BRDA:513,31,0,0
BRDA:513,31,1,0
BRDA:513,31,2,0
BRDA:513,31,3,0
BRDA:513,31,4,0
BRDA:523,32,0,0
BRDA:523,32,1,0
BRDA:523,32,2,0
BRDA:523,32,3,0
BRDA:523,32,4,0
BRF:77
BRH:0
end_of_record
TN:
SF:src/monitoring/SystemMonitor.ts
FN:31,(anonymous_0)
FN:126,(anonymous_1)
FN:155,(anonymous_2)
FN:164,(anonymous_3)
FN:185,(anonymous_4)
FN:199,(anonymous_5)
FN:213,(anonymous_6)
FN:217,(anonymous_7)
FN:223,(anonymous_8)
FN:224,(anonymous_9)
FN:230,(anonymous_10)
FN:249,(anonymous_11)
FN:269,(anonymous_12)
FN:293,(anonymous_13)
FN:307,(anonymous_14)
FN:315,(anonymous_15)
FN:354,(anonymous_16)
FN:365,(anonymous_17)
FN:383,(anonymous_18)
FN:394,(anonymous_19)
FN:396,(anonymous_20)
FN:403,(anonymous_21)
FN:404,(anonymous_22)
FN:427,(anonymous_23)
FN:459,(anonymous_24)
[...]
FN:785,(anonymous_41)
FN:793,(anonymous_42)
FN:798,(anonymous_43)
FN:803,(anonymous_44)
FN:812,(anonymous_45)
FN:820,(anonymous_46)
FN:825,(anonymous_47)
FN:839,(anonymous_48)
FN:843,(anonymous_49)
FN:846,(anonymous_50)
FN:851,(anonymous_51)
FN:856,(anonymous_52)
FN:865,(anonymous_53)
FNF:54
FNH:0
FNDA:0,(anonymous_0)
FNDA:0,(anonymous_1)
FNDA:0,(anonymous_2)
FNDA:0,(anonymous_3)
FNDA:0,(anonymous_4)
FNDA:0,(anonymous_5)
FNDA:0,(anonymous_6)
FNDA:0,(anonymous_7)
FNDA:0,(anonymous_8)
FNDA:0,(anonymous_9)
FNDA:0,(anonymous_10)
FNDA:0,(anonymous_11)
FNDA:0,(anonymous_12)
FNDA:0,(anonymous_13)
FNDA:0,(anonymous_14)
FNDA:0,(anonymous_15)
FNDA:0,(anonymous_16)
FNDA:0,(anonymous_17)
FNDA:0,(anonymous_18)
FNDA:0,(anonymous_19)
FNDA:0,(anonymous_20)
FNDA:0,(anonymous_21)
FNDA:0,(anonymous_22)
FNDA:0,(anonymous_23)
FNDA:0,(anonymous_24)
FNDA:0,(anonymous_25)
FNDA:0,(anonymous_26)
FNDA:0,(anonymous_27)
FNDA:0,(anonymous_28)
FNDA:0,(anonymous_29)
FNDA:0,(anonymous_30)
FNDA:0,(anonymous_31)
FNDA:0,(anonymous_32)
FNDA:0,(anonymous_33)
FNDA:0,(anonymous_34)
FNDA:0,(anonymous_35)
FNDA:0,(anonymous_36)
FNDA:0,(anonymous_37)
FNDA:0,(anonymous_38)
FNDA:0,(anonymous_39)
FNDA:0,(anonymous_40)
FNDA:0,(anonymous_41)
FNDA:0,(anonymous_42)
FNDA:0,(anonymous_43)
FNDA:0,(anonymous_44)
FNDA:0,(anonymous_45)
FNDA:0,(anonymous_46)
FNDA:0,(anonymous_47)
FNDA:0,(anonymous_48)
FNDA:0,(anonymous_49)
FNDA:0,(anonymous_50)
FNDA:0,(anonymous_51)
FNDA:0,(anonymous_52)
FNDA:0,(anonymous_53)
DA:6,0
DA:7,0
DA:42,0
DA:46,0
DA:47,0
DA:48,0
DA:51,0
DA:52,0
DA:53,0
DA:56,0
DA:57,0
DA:65,0
DA:66,0
DA:67,0
DA:75,0
DA:76,0
DA:81,0
DA:83,0
DA:90,0
DA:91,0
DA:94,0
DA:95,0
DA:99,0
DA:106,0
DA:109,0
DA:110,0
DA:113,0
DA:115,0
DA:117,0
DA:118,0
DA:119,0
DA:127,0
DA:130,0
DA:131,0
DA:133,0
DA:135,0
DA:142,0
DA:144,0
DA:155,0
DA:156,0
DA:158,0
DA:168,0
DA:170,0
DA:172,0
DA:179,0
DA:181,0
DA:183,0
DA:193,0
DA:194,0
DA:196,0
DA:206,0
DA:207,0
DA:214,0
DA:215,0
DA:224,0
DA:231,0
DA:233,0
DA:235,0
DA:236,0
DA:238,0
DA:239,0
DA:241,0
DA:242,0
DA:244,0
DA:245,0
DA:249,0
DA:250,0
DA:253,0
DA:260,0
DA:261,0
DA:263,0
DA:264,0
DA:265,0
DA:266,0
DA:270,0
DA:274,0
DA:281,0
DA:283,0
DA:284,0
DA:285,0
DA:287,0
DA:288,0
DA:291,0
DA:292,0
DA:293,0
DA:294,0
DA:296,0
DA:297,0
DA:300,0
DA:303,0
DA:310,0
DA:312,0
DA:313,0
DA:314,0
DA:315,0
DA:319,0
DA:323,0
DA:330,0
DA:331,0
DA:333,0
DA:334,0
DA:335,0
DA:336,0
DA:337,0
DA:338,0
DA:339,0
DA:340,0
DA:344,0
DA:348,0
DA:356,0
DA:357,0
DA:358,0
DA:362,0
DA:370,0
DA:373,0
DA:381,0
DA:384,0
DA:391,0
DA:400,0
DA:401,0
DA:404,0
DA:405,0
DA:408,0
DA:410,0
DA:412,0
DA:413,0
DA:414,0
DA:415,0
DA:417,0
DA:424,0
DA:426,0
DA:428,0
DA:429,0
DA:430,0
DA:432,0
DA:433,0
DA:434,0
DA:435,0
DA:437,0
DA:445,0
DA:446,0
DA:455,0
DA:463,0
DA:470,0
DA:486,0
DA:487,0
DA:502,0
DA:516,0
DA:517,0
DA:529,0
DA:530,0
DA:532,0
DA:533,0
DA:535,0
DA:538,0
DA:550,0
DA:558,0
DA:566,0
DA:574,0
DA:581,0
DA:584,0
DA:585,0
DA:587,0
DA:588,0
DA:596,0
DA:603,0
DA:612,0
DA:613,0
DA:621,0
DA:631,0
DA:633,0
DA:634,0
DA:636,0
DA:637,0
DA:639,0
DA:640,0
DA:642,0
DA:643,0
DA:644,0
DA:649,0
DA:650,0
DA:656,0
DA:657,0
DA:658,0
DA:660,0
DA:668,0
DA:669,0
DA:670,0
DA:673,0
DA:674,0
DA:675,0
DA:683,0
DA:684,0
DA:688,0
DA:693,0
DA:696,0
DA:699,0
DA:701,0
DA:708,0
DA:712,0
DA:714,0
DA:715,0
DA:717,0
DA:718,0
DA:720,0
DA:721,0
DA:723,0
DA:724,0
DA:726,0
DA:727,0
DA:730,0
DA:734,0
DA:736,0
DA:737,0
DA:739,0
DA:745,0
DA:747,0
DA:752,0
DA:754,0
DA:761,0
DA:763,0
DA:768,0
DA:770,0
DA:776,0
DA:780,0
DA:784,0
DA:786,0
DA:787,0
DA:788,0
DA:794,0
DA:795,0
DA:799,0
DA:800,0
DA:804,0
DA:813,0
DA:814,0
DA:816,0
DA:817,0
DA:822,0
DA:826,0
DA:827,0
DA:828,0
DA:836,0
DA:837,0
DA:840,0
DA:845,0
DA:846,0
DA:853,0
DA:857,0
DA:860,0
DA:861,0
DA:866,0
DA:867,0
LF:253
LH:0
BRDA:94,0,0,0
BRDA:94,0,1,0
BRDA:109,1,0,0
BRDA:109,1,1,0
BRDA:115,2,0,0
BRDA:115,2,1,0
BRDA:130,3,0,0
BRDA:130,3,1,0
BRDA:133,4,0,0
BRDA:133,4,1,0
BRDA:142,5,0,0
BRDA:142,5,1,0
BRDA:155,6,0,0
BRDA:155,6,1,0
BRDA:168,7,0,0
BRDA:168,7,1,0
BRDA:179,8,0,0
BRDA:179,8,1,0
BRDA:179,9,0,0
BRDA:179,9,1,0
BRDA:193,10,0,0
BRDA:193,10,1,0
BRDA:206,11,0,0
BRDA:206,11,1,0
BRDA:206,12,0,0
BRDA:206,12,1,0
BRDA:214,13,0,0
BRDA:214,13,1,0
BRDA:214,14,0,0
BRDA:214,14,1,0
BRDA:233,15,0,0
BRDA:233,15,1,0
BRDA:233,15,2,0
BRDA:233,15,3,0
BRDA:263,16,0,0
BRDA:263,16,1,0
BRDA:263,17,0,0
BRDA:263,17,1,0
BRDA:265,18,0,0
BRDA:265,18,1,0
BRDA:265,19,0,0
BRDA:265,19,1,0
BRDA:283,20,0,0
BRDA:283,20,1,0
BRDA:292,21,0,0
BRDA:292,21,1,0
BRDA:312,22,0,0
BRDA:312,22,1,0
BRDA:314,23,0,0
BRDA:314,23,1,0
BRDA:333,24,0,0
BRDA:333,24,1,0
BRDA:337,25,0,0
BRDA:337,25,1,0
BRDA:358,26,0,0
BRDA:358,26,1,0
BRDA:400,27,0,0
BRDA:400,27,1,0
BRDA:426,28,0,0
BRDA:426,28,1,0
BRDA:486,29,0,0
BRDA:486,29,1,0
BRDA:533,30,0,0
BRDA:533,30,1,0
BRDA:541,31,0,0
BRDA:541,31,1,0
BRDA:585,32,0,0
BRDA:585,32,1,0
BRDA:631,33,0,0
BRDA:631,33,1,0
BRDA:631,33,2,0
BRDA:631,33,3,0
BRDA:714,34,0,0
BRDA:714,34,1,0
BRDA:717,35,0,0
BRDA:717,35,1,0
BRDA:720,36,0,0
BRDA:720,36,1,0
BRDA:723,37,0,0
BRDA:723,37,1,0
BRDA:726,38,0,0
BRDA:726,38,1,0
BRDA:737,39,0,0
BRDA:737,39,1,0
BRDA:737,39,2,0
BRDA:737,39,3,0
BRDA:737,39,4,0
BRDA:794,40,0,0
BRDA:794,40,1,0
BRDA:800,41,0,0
BRDA:800,41,1,0
BRDA:814,42,0,0
BRDA:814,42,1,0
BRDA:860,43,0,0
BRDA:860,43,1,0
BRF:95
BRH:0
end_of_record
TN:
SF:src/scaling/IntelligentAutoScaler.ts
FN:86,(anonymous_0)
FN:94,(anonymous_1)
FN:100,(anonymous_2)
FN:111,(anonymous_3)
FN:124,(anonymous_4)
FN:136,(anonymous_5)
FN:137,(anonymous_6)
FN:138,(anonymous_7)
FN:139,(anonymous_8)
FN:140,(anonymous_9)
FN:143,(anonymous_10)
FN:162,(anonymous_11)
FN:170,(anonymous_12)
FN:195,(anonymous_13)
FN:220,(anonymous_14)
FN:241,(anonymous_15)
FN:288,(anonymous_16)
FN:293,(anonymous_17)
FN:363,(anonymous_18)
FN:396,(anonymous_19)
FN:410,(anonymous_20)
FN:432,(anonymous_21)
FN:445,(anonymous_22)
FN:447,(anonymous_23)
FN:466,(anonymous_24)
FN:477,(anonymous_25)
FN:498,(anonymous_26)
FN:500,(anonymous_27)
FN:500,(anonymous_28)
FN:503,(anonymous_29)
FN:509,(anonymous_30)
FN:559,(anonymous_31)
FN:562,(anonymous_32)
FN:563,(anonymous_33)
FN:575,(anonymous_34)
FN:584,(anonymous_35)
FN:622,(anonymous_36)
FN:634,(anonymous_37)
FN:637,(anonymous_38)
FN:654,(anonymous_39)
FN:660,(anonymous_40)
FN:667,(anonymous_41)
FN:690,(anonymous_42)
FN:694,(anonymous_43)
FN:698,(anonymous_44)
FN:700,(anonymous_45)
FN:701,(anonymous_46)
FN:704,(anonymous_47)
FN:715,(anonymous_48)
FNF:49
FNH:0
FNDA:0,(anonymous_0)
FNDA:0,(anonymous_1)
FNDA:0,(anonymous_2)
FNDA:0,(anonymous_3)
FNDA:0,(anonymous_4)
FNDA:0,(anonymous_5)
FNDA:0,(anonymous_6)
FNDA:0,(anonymous_7)
FNDA:0,(anonymous_8)
FNDA:0,(anonymous_9)
FNDA:0,(anonymous_10)
FNDA:0,(anonymous_11)
FNDA:0,(anonymous_12)
FNDA:0,(anonymous_13)
FNDA:0,(anonymous_14)
FNDA:0,(anonymous_15)
FNDA:0,(anonymous_16)
FNDA:0,(anonymous_17)
FNDA:0,(anonymous_18)
FNDA:0,(anonymous_19)
FNDA:0,(anonymous_20)
FNDA:0,(anonymous_21)
FNDA:0,(anonymous_22)
FNDA:0,(anonymous_23)
FNDA:0,(anonymous_24)
FNDA:0,(anonymous_25)
FNDA:0,(anonymous_26)
FNDA:0,(anonymous_27)
FNDA:0,(anonymous_28)
FNDA:0,(anonymous_29)
FNDA:0,(anonymous_30)
FNDA:0,(anonymous_31)
FNDA:0,(anonymous_32)
FNDA:0,(anonymous_33)
FNDA:0,(anonymous_34)
FNDA:0,(anonymous_35)
FNDA:0,(anonymous_36)
FNDA:0,(anonymous_37)
FNDA:0,(anonymous_38)
FNDA:0,(anonymous_39)
FNDA:0,(anonymous_40)
FNDA:0,(anonymous_41)
FNDA:0,(anonymous_42)
FNDA:0,(anonymous_43)
FNDA:0,(anonymous_44)
FNDA:0,(anonymous_45)
FNDA:0,(anonymous_46)
FNDA:0,(anonymous_47)
FNDA:0,(anonymous_48)
DA:67,0
DA:68,0
DA:69,0
DA:70,0
DA:71,0
DA:73,0
DA:75,0
DA:87,0
DA:88,0
DA:95,0
DA:97,0
DA:98,0
DA:100,0
DA:101,0
DA:105,0
DA:112,0
DA:113,0
DA:115,0
DA:116,0
DA:117,0
DA:135,0
DA:136,0
DA:137,0
DA:138,0
DA:139,0
DA:140,0
DA:142,0
DA:143,0
DA:146,0
DA:163,0
DA:164,0
DA:171,0
DA:172,0
DA:173,0
DA:174,0
DA:177,0
DA:178,0
DA:184,0
DA:185,0
DA:189,0
DA:196,0
DA:198,0
DA:201,0
DA:204,0
DA:207,0
DA:210,0
DA:213,0
DA:221,0
DA:223,0
DA:224,0
DA:227,0
DA:230,0
DA:233,0
DA:235,0
DA:252,0
DA:254,0
DA:255,0
DA:257,0
DA:258,0
DA:267,0
DA:268,0
DA:277,0
DA:278,0
DA:279,0
DA:288,0
DA:295,0
DA:355,0
DA:356,0
DA:360,0
DA:364,0
DA:391,0
DA:392,0
DA:397,0
DA:411,0
DA:413,0
DA:414,0
DA:415,0
DA:416,0
DA:417,0
DA:421,0
DA:426,0
DA:427,0
DA:433,0
DA:434,0
DA:435,0
DA:437,0
DA:441,0
DA:442,0
DA:446,0
DA:447,0
DA:463,0
DA:467,0
DA:469,0
DA:470,0
DA:471,0
DA:474,0
DA:479,0
DA:480,0
DA:482,0
DA:483,0
DA:485,0
DA:486,0
DA:488,0
DA:495,0
DA:500,0
DA:501,0
DA:503,0
DA:504,0
DA:506,0
DA:510,0
DA:512,0
DA:513,0
DA:516,0
DA:517,0
DA:529,0
DA:530,0
DA:542,0
DA:543,0
DA:544,0
DA:545,0
DA:546,0
DA:559,0
DA:563,0
DA:565,0
DA:566,0
DA:567,0
DA:568,0
DA:570,0
DA:576,0
DA:577,0
DA:578,0
DA:581,0
DA:584,0
DA:586,0
DA:589,0
DA:593,0
DA:597,0
DA:601,0
DA:605,0
DA:606,0
DA:610,0
DA:611,0
DA:615,0
DA:616,0
DA:619,0
DA:624,0
DA:626,0
DA:635,0
DA:637,0
DA:655,0
DA:658,0
DA:659,0
DA:660,0
DA:661,0
DA:664,0
DA:668,0
DA:670,0
DA:671,0
DA:672,0
DA:674,0
DA:675,0
DA:687,0
DA:691,0
DA:692,0
DA:694,0
DA:699,0
DA:700,0
DA:701,0
DA:705,0
DA:706,0
DA:709,0
DA:710,0
DA:718,0
DA:720,0
LF:174
LH:0
BRDA:95,0,0,0
BRDA:95,0,1,0
BRDA:115,1,0,0
BRDA:115,1,1,0
BRDA:172,2,0,0
BRDA:172,2,1,0
BRDA:184,3,0,0
BRDA:184,3,1,0
BRDA:257,4,0,0
BRDA:257,4,1,0
BRDA:267,5,0,0
BRDA:267,5,1,0
BRDA:278,6,0,0
BRDA:278,6,1,0
BRDA:415,7,0,0
BRDA:415,7,1,0
BRDA:480,8,0,0
BRDA:480,8,1,0
BRDA:500,9,0,0
BRDA:500,9,1,0
BRDA:501,10,0,0
BRDA:501,10,1,0
BRDA:504,11,0,0
BRDA:504,11,1,0
BRDA:516,12,0,0
BRDA:516,12,1,0
BRDA:529,13,0,0
BRDA:529,13,1,0
BRDA:542,14,0,0
BRDA:542,14,1,0
BRDA:543,15,0,0
BRDA:543,15,1,0
BRDA:545,16,0,0
BRDA:545,16,1,0
BRDA:545,17,0,0
BRDA:545,17,1,0
BRDA:577,18,0,0
BRDA:577,18,1,0
BRDA:586,19,0,0
BRDA:586,19,1,0
BRDA:586,19,2,0
BRDA:586,19,3,0
BRDA:586,19,4,0
BRDA:674,20,0,0
BRDA:674,20,1,0
BRDA:700,21,0,0
BRDA:700,21,1,0
BRDA:709,22,0,0
BRDA:709,22,1,0
BRF:49
BRH:0
end_of_record
TN:
SF:src/scaling/QuantumInspiredScaler.ts
FN:80,(anonymous_0)
FN:116,(anonymous_1)
FN:119,(anonymous_2)
FN:129,(anonymous_3)
FN:140,(anonymous_4)
FN:152,(anonymous_5)
FN:158,(anonymous_6)
FN:167,(anonymous_7)
FN:200,(anonymous_8)
FN:207,(anonymous_9)
FN:224,(anonymous_10)
FN:250,(anonymous_11)
FN:267,(anonymous_12)
FN:287,(anonymous_13)
FN:310,(anonymous_14)
FN:327,(anonymous_15)
FN:347,(anonymous_16)
FN:352,(anonymous_17)
FN:358,(anonymous_18)
FN:374,(anonymous_19)
FN:400,(anonymous_20)
FN:427,(anonymous_21)
FN:441,(anonymous_22)
FN:460,(anonymous_23)
FN:472,(anonymous_24)
FN:488,(anonymous_25)
FN:505,(anonymous_26)
FN:509,(anonymous_27)
FN:514,(anonymous_28)
FN:517,(anonymous_29)
FN:518,(anonymous_30)
FN:523,(anonymous_31)
FN:526,(anonymous_32)
FN:538,(anonymous_33)
FN:543,(anonymous_34)
FN:551,(anonymous_35)
FN:569,(anonymous_36)
FN:582,(anonymous_37)
FN:589,(anonymous_38)
FN:597,(anonymous_39)
FN:598,(anonymous_40)
FN:599,(anonymous_41)
FN:604,(anonymous_42)
FN:609,(anonymous_43)
FN:612,(anonymous_44)
FN:630,(anonymous_45)
FN:655,(anonymous_46)
FN:656,(anonymous_47)
FN:659,(anonymous_48)
FN:660,(anonymous_49)
FN:666,(anonymous_50)
FN:699,(anonymous_51)
FN:723,(anonymous_52)
FN:729,(anonymous_53)
FN:730,(anonymous_54)
FNF:55
FNH:0
FNDA:0,(anonymous_0)
FNDA:0,(anonymous_1)
FNDA:0,(anonymous_2)
FNDA:0,(anonymous_3)
FNDA:0,(anonymous_4)
FNDA:0,(anonymous_5)
FNDA:0,(anonymous_6)
FNDA:0,(anonymous_7)
FNDA:0,(anonymous_8)
FNDA:0,(anonymous_9)
FNDA:0,(anonymous_10)
FNDA:0,(anonymous_11)
FNDA:0,(anonymous_12)
FNDA:0,(anonymous_13)
FNDA:0,(anonymous_14)
FNDA:0,(anonymous_15)
FNDA:0,(anonymous_16)
FNDA:0,(anonymous_17)
FNDA:0,(anonymous_18)
FNDA:0,(anonymous_19)
FNDA:0,(anonymous_20)
FNDA:0,(anonymous_21)
FNDA:0,(anonymous_22)
FNDA:0,(anonymous_23)
FNDA:0,(anonymous_24)
FNDA:0,(anonymous_25)
FNDA:0,(anonymous_26)
FNDA:0,(anonymous_27)
FNDA:0,(anonymous_28)
FNDA:0,(anonymous_29)
FNDA:0,(anonymous_30)
FNDA:0,(anonymous_31)
FNDA:0,(anonymous_32)
FNDA:0,(anonymous_33)
FNDA:0,(anonymous_34)
FNDA:0,(anonymous_35)
FNDA:0,(anonymous_36)
FNDA:0,(anonymous_37)
FNDA:0,(anonymous_38)
FNDA:0,(anonymous_39)
FNDA:0,(anonymous_40)
FNDA:0,(anonymous_41)
FNDA:0,(anonymous_42)
FNDA:0,(anonymous_43)
FNDA:0,(anonymous_44)
FNDA:0,(anonymous_45)
FNDA:0,(anonymous_46)
FNDA:0,(anonymous_47)
FNDA:0,(anonymous_48)
FNDA:0,(anonymous_49)
FNDA:0,(anonymous_50)
FNDA:0,(anonymous_51)
FNDA:0,(anonymous_52)
FNDA:0,(anonymous_53)
FNDA:0,(anonymous_54)
DA:57,0
DA:59,0
DA:60,0
DA:70,0
DA:78,0
DA:81,0
DA:92,0
DA:99,0
DA:100,0
DA:101,0
DA:104,0
DA:106,0
DA:108,0
DA:109,0
DA:117,0
DA:119,0
DA:120,0
DA:123,0
DA:130,0
DA:131,0
DA:132,0
DA:134,0
DA:141,0
DA:144,0
DA:146,0
DA:153,0
DA:154,0
DA:157,0
DA:158,0
DA:161,0
DA:173,0
DA:174,0
DA:177,0
DA:180,0
DA:188,0
DA:189,0
DA:190,0
DA:194,0
DA:206,0
DA:207,0
DA:209,0
DA:210,0
DA:214,0
DA:216,0
DA:218,0
DA:232,0
DA:235,0
DA:252,0
DA:255,0
DA:258,0
DA:261,0
DA:274,0
DA:276,0
DA:288,0
DA:291,0
DA:296,0
DA:301,0
DA:302,0
DA:311,0
DA:312,0
DA:315,0
DA:316,0
DA:319,0
DA:321,0
DA:328,0
DA:331,0
DA:332,0
DA:335,0
DA:352,0
DA:358,0
DA:361,0
DA:363,0
DA:375,0
DA:376,0
DA:377,0
DA:378,0
DA:381,0
DA:382,0
DA:383,0
DA:388,0
DA:394,0
DA:404,0
DA:405,0
DA:406,0
DA:409,0
DA:410,0
DA:412,0
DA:413,0
DA:414,0
DA:416,0
DA:417,0
DA:422,0
DA:428,0
DA:429,0
DA:431,0
DA:432,0
DA:433,0
DA:434,0
DA:438,0
DA:442,0
DA:445,0
DA:446,0
DA:449,0
DA:450,0
DA:452,0
DA:453,0
DA:457,0
DA:461,0
DA:463,0
DA:464,0
DA:466,0
DA:467,0
DA:469,0
DA:473,0
DA:476,0
DA:479,0
DA:482,0
DA:483,0
DA:485,0
DA:490,0
DA:493,0
DA:496,0
DA:497,0
DA:500,0
DA:501,0
DA:502,0
DA:506,0
DA:508,0
DA:509,0
DA:511,0
DA:515,0
DA:517,0
DA:518,0
DA:520,0
DA:525,0
DA:526,0
DA:527,0
DA:530,0
DA:531,0
DA:532,0
DA:534,0
DA:545,0
DA:546,0
DA:547,0
DA:558,0
DA:559,0
DA:561,0
DA:570,0
DA:571,0
DA:573,0
DA:574,0
DA:575,0
DA:576,0
DA:579,0
DA:583,0
DA:590,0
DA:592,0
DA:593,0
DA:596,0
DA:597,0
DA:598,0
DA:599,0
DA:605,0
DA:608,0
DA:609,0
DA:613,0
DA:615,0
DA:616,0
DA:619,0
DA:620,0
DA:623,0
DA:624,0
DA:627,0
DA:632,0
DA:643,0
DA:656,0
DA:660,0
DA:667,0
DA:668,0
DA:669,0
DA:670,0
DA:671,0
DA:673,0
DA:696,0
DA:697,0
DA:700,0
DA:702,0
DA:703,0
DA:706,0
DA:707,0
DA:711,0
DA:712,0
DA:713,0
DA:717,0
DA:718,0
DA:720,0
DA:724,0
DA:726,0
DA:727,0
DA:729,0
DA:730,0
DA:732,0
LF:202
LH:0
BRDA:80,0,0,0
BRDA:108,1,0,0
BRDA:108,1,1,0
BRDA:130,2,0,0
BRDA:130,2,1,0
BRDA:189,3,0,0
BRDA:189,3,1,0
BRDA:209,4,0,0
BRDA:209,4,1,0
BRDA:232,5,0,0
BRDA:232,5,1,0
BRDA:331,6,0,0
BRDA:331,6,1,0
BRDA:382,7,0,0
BRDA:382,7,1,0
BRDA:382,8,0,0
BRDA:382,8,1,0
BRDA:412,9,0,0
BRDA:412,9,1,0
BRDA:412,10,0,0
BRDA:412,10,1,0
BRDA:416,11,0,0
BRDA:416,11,1,0
BRDA:416,12,0,0
BRDA:416,12,1,0
BRDA:422,13,0,0
BRDA:422,13,1,0
BRDA:446,14,0,0
BRDA:446,14,1,0
BRDA:452,15,0,0
BRDA:452,15,1,0
BRDA:452,16,0,0
BRDA:452,16,1,0
BRDA:463,17,0,0
BRDA:463,17,1,0
BRDA:464,18,0,0
BRDA:464,18,1,0
BRDA:476,19,0,0
BRDA:476,19,1,0
BRDA:479,20,0,0
BRDA:479,20,1,0
BRDA:506,21,0,0
BRDA:506,21,1,0
BRDA:515,22,0,0
BRDA:515,22,1,0
BRDA:545,23,0,0
BRDA:545,23,1,0
BRDA:573,24,0,0
BRDA:573,24,1,0
BRDA:573,25,0,0
BRDA:573,25,1,0
BRDA:575,26,0,0
BRDA:575,26,1,0
BRDA:575,27,0,0
BRDA:575,27,1,0
BRDA:592,28,0,0
BRDA:592,28,1,0
BRDA:597,29,0,0
BRDA:597,29,1,0
BRDA:598,30,0,0
BRDA:598,30,1,0
BRDA:605,31,0,0
BRDA:605,31,1,0
BRDA:615,32,0,0
BRDA:615,32,1,0
BRDA:619,33,0,0
BRDA:619,33,1,0
BRDA:623,34,0,0
BRDA:623,34,1,0
BRDA:702,35,0,0
BRDA:702,35,1,0
BRDA:706,36,0,0
BRDA:706,36,1,0
BRDA:724,37,0,0
BRDA:724,37,1,0
BRF:75
BRH:0
end_of_record
TN:
SF:src/services/NerfService.ts
FN:29,(anonymous_0)
FN:58,(anonymous_1)
FN:62,(anonymous_2)
FN:66,(anonymous_3)
FN:70,(anonymous_4)
FN:78,(anonymous_5)
FN:87,(anonymous_6)
FN:104,(anonymous_7)
FN:114,(anonymous_8)
FNF:9
FNH:6
FNDA:5,(anonymous_0)
FNDA:0,(anonymous_1)
FNDA:1,(anonymous_2)
FNDA:0,(anonymous_3)
FNDA:1,(anonymous_4)
FNDA:0,(anonymous_5)
FNDA:5,(anonymous_6)
FNDA:5,(anonymous_7)
FNDA:5,(anonymous_8)
DA:22,1
DA:23,4
DA:24,4
DA:25,4
DA:26,4
DA:27,4
DA:30,5
DA:32,5
DA:35,5
DA:36,1
DA:40,4
DA:41,0
DA:45,4
DA:46,4
DA:47,4
DA:49,4
DA:50,4
DA:52,0
DA:53,0
DA:54,0
DA:59,0
DA:63,1
DA:67,0
DA:71,1
DA:79,0
DA:88,5
DA:91,5
DA:92,0
DA:93,0
DA:97,5
DA:98,5
DA:99,0
DA:100,0
DA:105,5
DA:106,5
DA:107,1
DA:108,1
DA:111,5
DA:115,5
DA:116,5
DA:117,5
DA:118,5
DA:119,5
LF:43
LH:32
BRDA:35,0,0,1
BRDA:35,0,1,4
BRDA:40,1,0,0
BRDA:40,1,1,4
BRDA:40,2,0,4
BRDA:40,2,1,4
BRDA:91,3,0,0
BRDA:91,3,1,5
BRDA:98,4,0,0
BRDA:98,4,1,5
BRDA:107,5,0,1
BRDA:107,5,1,0
BRDA:107,6,0,1
BRDA:107,6,1,1
BRF:14
BRH:10
end_of_record
TN:
SF:src/streaming/NerfStreamer.ts
FN:44,(anonymous_0)
FN:55,(anonymous_1)
FN:82,(anonymous_2)
FN:90,(anonymous_3)
FN:91,(anonymous_4)
FN:100,(anonymous_5)
FN:133,(anonymous_6)
FN:167,(anonymous_7)
FN:191,(anonymous_8)
FN:232,(anonymous_9)
FN:256,(anonymous_10)
FN:264,(anonymous_11)
FN:275,(anonymous_12)
FN:307,(anonymous_13)
FN:314,(anonymous_14)
FN:332,(anonymous_15)
FN:354,(anonymous_16)
FN:366,(anonymous_17)
FN:369,(anonymous_18)
FN:382,(anonymous_19)
FN:383,(anonymous_20)
FN:392,(anonymous_21)
FN:397,(anonymous_22)
FN:415,(anonymous_23)
FN:435,(anonymous_24)
FN:452,(anonymous_25)
FNF:26
FNH:0
FNDA:0,(anonymous_0)
FNDA:0,(anonymous_1)
FNDA:0,(anonymous_2)
FNDA:0,(anonymous_3)
FNDA:0,(anonymous_4)
FNDA:0,(anonymous_5)
FNDA:0,(anonymous_6)
FNDA:0,(anonymous_7)
FNDA:0,(anonymous_8)
FNDA:0,(anonymous_9)
FNDA:0,(anonymous_10)
FNDA:0,(anonymous_11)
FNDA:0,(anonymous_12)
FNDA:0,(anonymous_13)
FNDA:0,(anonymous_14)
FNDA:0,(anonymous_15)
FNDA:0,(anonymous_16)
FNDA:0,(anonymous_17)
FNDA:0,(anonymous_18)
FNDA:0,(anonymous_19)
FNDA:0,(anonymous_20)
FNDA:0,(anonymous_21)
FNDA:0,(anonymous_22)
FNDA:0,(anonymous_23)
FNDA:0,(anonymous_24)
FNDA:0,(anonymous_25)
DA:29,0
DA:31,0
DA:32,0
DA:33,0
DA:34,0
DA:37,0
DA:41,0
DA:42,0
DA:45,0
DA:46,0
DA:49,0
DA:56,0
DA:58,0
DA:60,0
DA:61,0
DA:62,0
DA:68,0
DA:72,0
DA:73,0
DA:76,0
DA:83,0
DA:86,0
DA:89,0
DA:90,0
DA:91,0
DA:94,0
DA:101,0
DA:103,0
DA:104,0
DA:105,0
DA:108,0
DA:109,0
DA:112,0
DA:113,0
DA:114,0
DA:115,0
DA:116,0
DA:117,0
DA:123,0
DA:124,0
DA:127,0
DA:134,0
DA:137,0
DA:138,0
DA:140,0
DA:147,0
DA:148,0
DA:150,0
DA:151,0
DA:153,0
DA:154,0
DA:155,0
DA:156,0
DA:161,0
DA:168,0
DA:169,0
DA:171,0
DA:176,0
DA:177,0
DA:179,0
DA:192,0
DA:195,0
DA:202,0
DA:203,0
DA:210,0
DA:211,0
DA:213,0
DA:215,0
DA:216,0
DA:223,0
DA:224,0
DA:226,0
DA:233,0
DA:235,0
DA:241,0
DA:242,0
DA:249,0
DA:250,0
DA:257,0
DA:258,0
DA:260,0
DA:263,0
DA:264,0
DA:267,0
DA:268,0
DA:276,0
DA:278,0
DA:279,0
DA:280,0
DA:282,0
DA:283,0
DA:286,0
DA:287,0
DA:290,0
DA:291,0
DA:292,0
DA:294,0
DA:298,0
DA:300,0
DA:308,0
DA:315,0
DA:317,0
DA:318,0
DA:320,0
DA:321,0
DA:322,0
DA:326,0
DA:333,0
DA:335,0
DA:341,0
DA:342,0
DA:348,0
DA:355,0
DA:358,0
DA:359,0
DA:367,0
DA:369,0
DA:375,0
DA:376,0
DA:383,0
DA:384,0
DA:385,0
DA:393,0
DA:396,0
DA:397,0
DA:398,0
DA:399,0
DA:400,0
DA:404,0
DA:405,0
DA:406,0
DA:407,0
DA:408,0
DA:416,0
DA:418,0
DA:424,0
DA:425,0
DA:441,0
DA:453,0
DA:454,0
DA:455,0
DA:456,0
DA:457,0
LF:143
LH:0
BRDA:58,0,0,0
BRDA:58,0,1,0
BRDA:61,1,0,0
BRDA:61,1,1,0
BRDA:83,2,0,0
BRDA:83,2,1,0
BRDA:101,3,0,0
BRDA:101,3,1,0
BRDA:123,4,0,0
BRDA:123,4,1,0
BRDA:134,5,0,0
BRDA:134,5,1,0
BRDA:134,6,0,0
BRDA:134,6,1,0
BRDA:192,7,0,0
BRDA:192,7,1,0
BRDA:213,8,0,0
BRDA:213,8,1,0
BRDA:233,9,0,0
BRDA:233,9,1,0
BRDA:260,10,0,0
BRDA:260,10,1,0
BRDA:264,11,0,0
BRDA:264,11,1,0
BRDA:282,12,0,0
BRDA:282,12,1,0
BRDA:290,13,0,0
BRDA:290,13,1,0
BRDA:308,14,0,0
BRDA:308,14,1,0
BRDA:315,15,0,0
BRDA:315,15,1,0
BRDA:321,16,0,0
BRDA:321,16,1,0
BRDA:333,17,0,0
BRDA:333,17,1,0
BRDA:358,18,0,0
BRDA:358,18,1,0
BRDA:367,19,0,0
BRDA:367,19,1,0
BRDA:393,20,0,0
BRDA:393,20,1,0
BRDA:404,21,0,0
BRDA:404,21,1,0
BRDA:416,22,0,0
BRDA:416,22,1,0
BRF:46
BRH:0
end_of_record
TN:
SF:src/utils/SpatialUtils.ts
FN:8,(anonymous_0)
FN:16,(anonymous_1)
FN:33,(anonymous_2)
FNF:3
FNH:0
FNDA:0,(anonymous_0)
FNDA:0,(anonymous_1)
FNDA:0,(anonymous_2)
DA:7,0
DA:13,0
DA:18,0
DA:35,0
DA:37,0
DA:39,0
DA:40,0
DA:41,0
DA:42,0
LF:9
LH:0
BRDA:9,0,0,0
BRDA:10,1,0,0
BRDA:11,2,0,0
BRF:3
BRH:0
end_of_record
TN:
SF:src/workers/NerfWorker.ts
FN:17,(anonymous_0)
FN:21,(anonymous_1)
FNF:2
FNH:0
FNDA:0,(anonymous_0)
FNDA:0,(anonymous_1)
DA:16,0
DA:18,0
DA:22,0
DA:26,0
LF:4
LH:0
BRF:0
BRH:0
end_of_record
